{
  "C:/Users/skuze/Documents/Sergej/Kursi/EPAM 2022/React-github/rs-react/06_ssr_ssg/06_ssr_ssg/src/components/forms/modalForm/ModalForm.tsx": {
    "path": "C:/Users/skuze/Documents/Sergej/Kursi/EPAM 2022/React-github/rs-react/06_ssr_ssg/06_ssr_ssg/src/components/forms/modalForm/ModalForm.tsx",
    "statementMap": {
      "0": {
        "start": {
          "line": 5,
          "column": 0
        },
        "end": {
          "line": 15,
          "column": 1
        }
      },
      "1": {
        "start": {
          "line": 6,
          "column": 2
        },
        "end": {
          "line": 8,
          "column": 3
        }
      },
      "2": {
        "start": {
          "line": 7,
          "column": 4
        },
        "end": {
          "line": 7,
          "column": 165
        }
      },
      "3": {
        "start": {
          "line": 9,
          "column": 2
        },
        "end": {
          "line": 9,
          "column": 39
        }
      },
      "4": {
        "start": {
          "line": 10,
          "column": 2
        },
        "end": {
          "line": 10,
          "column": 39
        }
      },
      "5": {
        "start": {
          "line": 11,
          "column": 2
        },
        "end": {
          "line": 13,
          "column": 4
        }
      },
      "6": {
        "start": {
          "line": 12,
          "column": 4
        },
        "end": {
          "line": 12,
          "column": 180
        }
      },
      "7": {
        "start": {
          "line": 14,
          "column": 2
        },
        "end": {
          "line": 14,
          "column": 75
        }
      },
      "8": {
        "start": {
          "line": 16,
          "column": 9
        },
        "end": {
          "line": 16,
          "column": 23
        }
      },
      "9": {
        "start": {
          "line": 21,
          "column": 18
        },
        "end": {
          "line": 163,
          "column": 1
        }
      },
      "10": {
        "start": {
          "line": 22,
          "column": 2
        },
        "end": {
          "line": 22,
          "column": 7
        }
      },
      "11": {
        "start": {
          "line": 23,
          "column": 36
        },
        "end": {
          "line": 23,
          "column": 51
        }
      },
      "12": {
        "start": {
          "line": 26,
          "column": 6
        },
        "end": {
          "line": 26,
          "column": 16
        }
      },
      "13": {
        "start": {
          "line": 27,
          "column": 2
        },
        "end": {
          "line": 29,
          "column": 14
        }
      },
      "14": {
        "start": {
          "line": 28,
          "column": 4
        },
        "end": {
          "line": 28,
          "column": 34
        }
      },
      "15": {
        "start": {
          "line": 30,
          "column": 25
        },
        "end": {
          "line": 34,
          "column": 10
        }
      },
      "16": {
        "start": {
          "line": 30,
          "column": 52
        },
        "end": {
          "line": 34,
          "column": 10
        }
      },
      "17": {
        "start": {
          "line": 35,
          "column": 22
        },
        "end": {
          "line": 38,
          "column": 3
        }
      },
      "18": {
        "start": {
          "line": 36,
          "column": 4
        },
        "end": {
          "line": 36,
          "column": 24
        }
      },
      "19": {
        "start": {
          "line": 37,
          "column": 4
        },
        "end": {
          "line": 37,
          "column": 34
        }
      },
      "20": {
        "start": {
          "line": 39,
          "column": 2
        },
        "end": {
          "line": 162,
          "column": 11
        }
      },
      "21": {
        "start": {
          "line": 65,
          "column": 10
        },
        "end": {
          "line": 65,
          "column": 39
        }
      },
      "22": {
        "start": {
          "line": 66,
          "column": 10
        },
        "end": {
          "line": 66,
          "column": 52
        }
      },
      "23": {
        "start": {
          "line": 164,
          "column": 0
        },
        "end": {
          "line": 164,
          "column": 46
        }
      },
      "24": {
        "start": {
          "line": 165,
          "column": 0
        },
        "end": {
          "line": 165,
          "column": 15
        }
      },
      "25": {
        "start": {
          "line": 166,
          "column": 0
        },
        "end": {
          "line": 168,
          "column": 2
        }
      },
      "26": {
        "start": {
          "line": 171,
          "column": 0
        },
        "end": {
          "line": 171,
          "column": 30
        }
      },
      "27": {
        "start": {
          "line": 172,
          "column": 0
        },
        "end": {
          "line": 188,
          "column": 1
        }
      },
      "28": {
        "start": {
          "line": 173,
          "column": 2
        },
        "end": {
          "line": 173,
          "column": 39
        }
      },
      "29": {
        "start": {
          "line": 174,
          "column": 2
        },
        "end": {
          "line": 174,
          "column": 39
        }
      },
      "30": {
        "start": {
          "line": 175,
          "column": 2
        },
        "end": {
          "line": 187,
          "column": 5
        }
      },
      "31": {
        "start": {
          "line": 179,
          "column": 4
        },
        "end": {
          "line": 179,
          "column": 206
        }
      },
      "32": {
        "start": {
          "line": 180,
          "column": 4
        },
        "end": {
          "line": 186,
          "column": 7
        }
      },
      "33": {
        "start": {
          "line": 181,
          "column": 6
        },
        "end": {
          "line": 182,
          "column": 15
        }
      },
      "34": {
        "start": {
          "line": 182,
          "column": 8
        },
        "end": {
          "line": 182,
          "column": 15
        }
      },
      "35": {
        "start": {
          "line": 183,
          "column": 32
        },
        "end": {
          "line": 183,
          "column": 115
        }
      },
      "36": {
        "start": {
          "line": 184,
          "column": 6
        },
        "end": {
          "line": 185,
          "column": 54
        }
      },
      "37": {
        "start": {
          "line": 185,
          "column": 8
        },
        "end": {
          "line": 185,
          "column": 54
        }
      }
    },
    "fnMap": {
      "0": {
        "name": "(anonymous_0)",
        "decl": {
          "start": {
            "line": 11,
            "column": 24
          },
          "end": {
            "line": 11,
            "column": 25
          }
        },
        "loc": {
          "start": {
            "line": 11,
            "column": 38
          },
          "end": {
            "line": 13,
            "column": 3
          }
        },
        "line": 11
      },
      "1": {
        "name": "(anonymous_1)",
        "decl": {
          "start": {
            "line": 21,
            "column": 18
          },
          "end": {
            "line": 21,
            "column": 19
          }
        },
        "loc": {
          "start": {
            "line": 21,
            "column": 29
          },
          "end": {
            "line": 163,
            "column": 1
          }
        },
        "line": 21
      },
      "2": {
        "name": "(anonymous_2)",
        "decl": {
          "start": {
            "line": 27,
            "column": 12
          },
          "end": {
            "line": 27,
            "column": 13
          }
        },
        "loc": {
          "start": {
            "line": 27,
            "column": 18
          },
          "end": {
            "line": 29,
            "column": 3
          }
        },
        "line": 27
      },
      "3": {
        "name": "(anonymous_3)",
        "decl": {
          "start": {
            "line": 30,
            "column": 25
          },
          "end": {
            "line": 30,
            "column": 26
          }
        },
        "loc": {
          "start": {
            "line": 30,
            "column": 52
          },
          "end": {
            "line": 34,
            "column": 10
          }
        },
        "line": 30
      },
      "4": {
        "name": "(anonymous_4)",
        "decl": {
          "start": {
            "line": 35,
            "column": 22
          },
          "end": {
            "line": 35,
            "column": 23
          }
        },
        "loc": {
          "start": {
            "line": 35,
            "column": 28
          },
          "end": {
            "line": 38,
            "column": 3
          }
        },
        "line": 35
      },
      "5": {
        "name": "(anonymous_5)",
        "decl": {
          "start": {
            "line": 62,
            "column": 117
          },
          "end": {
            "line": 62,
            "column": 118
          }
        },
        "loc": {
          "start": {
            "line": 64,
            "column": 14
          },
          "end": {
            "line": 67,
            "column": 9
          }
        },
        "line": 64
      },
      "6": {
        "name": "(anonymous_6)",
        "decl": {
          "start": {
            "line": 178,
            "column": 9
          },
          "end": {
            "line": 178,
            "column": 10
          }
        },
        "loc": {
          "start": {
            "line": 178,
            "column": 29
          },
          "end": {
            "line": 187,
            "column": 3
          }
        },
        "line": 178
      },
      "7": {
        "name": "(anonymous_7)",
        "decl": {
          "start": {
            "line": 180,
            "column": 27
          },
          "end": {
            "line": 180,
            "column": 28
          }
        },
        "loc": {
          "start": {
            "line": 180,
            "column": 44
          },
          "end": {
            "line": 186,
            "column": 5
          }
        },
        "line": 180
      }
    },
    "branchMap": {
      "0": {
        "loc": {
          "start": {
            "line": 5,
            "column": 0
          },
          "end": {
            "line": 15,
            "column": 1
          }
        },
        "type": "if",
        "locations": [
          {
            "start": {
              "line": 5,
              "column": 0
            },
            "end": {
              "line": 15,
              "column": 1
            }
          },
          {
            "start": {},
            "end": {}
          }
        ],
        "line": 5
      },
      "1": {
        "loc": {
          "start": {
            "line": 6,
            "column": 2
          },
          "end": {
            "line": 8,
            "column": 3
          }
        },
        "type": "if",
        "locations": [
          {
            "start": {
              "line": 6,
              "column": 2
            },
            "end": {
              "line": 8,
              "column": 3
            }
          },
          {
            "start": {},
            "end": {}
          }
        ],
        "line": 6
      },
      "2": {
        "loc": {
          "start": {
            "line": 172,
            "column": 0
          },
          "end": {
            "line": 188,
            "column": 1
          }
        },
        "type": "if",
        "locations": [
          {
            "start": {
              "line": 172,
              "column": 0
            },
            "end": {
              "line": 188,
              "column": 1
            }
          },
          {
            "start": {},
            "end": {}
          }
        ],
        "line": 172
      },
      "3": {
        "loc": {
          "start": {
            "line": 181,
            "column": 6
          },
          "end": {
            "line": 182,
            "column": 15
          }
        },
        "type": "if",
        "locations": [
          {
            "start": {
              "line": 181,
              "column": 6
            },
            "end": {
              "line": 182,
              "column": 15
            }
          },
          {
            "start": {},
            "end": {}
          }
        ],
        "line": 181
      },
      "4": {
        "loc": {
          "start": {
            "line": 184,
            "column": 6
          },
          "end": {
            "line": 185,
            "column": 54
          }
        },
        "type": "if",
        "locations": [
          {
            "start": {
              "line": 184,
              "column": 6
            },
            "end": {
              "line": 185,
              "column": 54
            }
          },
          {
            "start": {},
            "end": {}
          }
        ],
        "line": 184
      }
    },
    "s": {
      "0": 58,
      "1": 58,
      "2": 0,
      "3": 58,
      "4": 58,
      "5": 58,
      "6": 58,
      "7": 58,
      "8": 58,
      "9": 58,
      "10": 1428,
      "11": 1428,
      "12": 1428,
      "13": 1428,
      "14": 1407,
      "15": 1428,
      "16": 28,
      "17": 1428,
      "18": 0,
      "19": 0,
      "20": 1428,
      "21": 0,
      "22": 0,
      "23": 58,
      "24": 58,
      "25": 58,
      "26": 58,
      "27": 58,
      "28": 58,
      "29": 58,
      "30": 58,
      "31": 51,
      "32": 51,
      "33": 0,
      "34": 0,
      "35": 0,
      "36": 0,
      "37": 0
    },
    "f": {
      "0": 58,
      "1": 1428,
      "2": 1407,
      "3": 28,
      "4": 0,
      "5": 0,
      "6": 51,
      "7": 0
    },
    "b": {
      "0": [
        58,
        0
      ],
      "1": [
        0,
        58
      ],
      "2": [
        58,
        0
      ],
      "3": [
        0,
        0
      ],
      "4": [
        0,
        0
      ]
    },
    "inputSourceMap": {
      "version": 3,
      "mappings": "AAuBI;;;;;;;;;;;;;;;;AAvBJ,SAAgBA,UAAUC,iBAAiB;AAC3C,OAAOC,WAAW;AAClB,OAAOC,eAAe;AAGtB,OAAO;AAQP,MAAMC,YAAYA,CAACC,UAAiB;AAAAC;AAClC,QAAM,CAACC,WAAWC,YAAY,IAAIR,SAAS,KAAK;AAChD,QAAM;AAAA,IAAES;AAAAA,EAAK,IAAIJ,MAAMI;AAEvBR,YAAU,MAAM;AACdO,iBAAaH,MAAME,SAAS;AAAA,EAE9B,GAAG,CAACF,KAAK,CAAC;AAEV,QAAMK,iBAAiBA,CAACC,UACtB,uBAAC,SAAI,WAAU,YAAW,GAAIA,SAA9B;AAAA;AAAA;AAAA;AAAA,SAAoC;AAGtC,QAAMC,cAAcA,MAAM;AACxBJ,iBAAa,KAAK;AAClBH,UAAMQ,iBAAiB,KAAK;AAAA,EAC9B;AAEA,SACE,uBAAC,SAAM,WAAU,SAAQ,MAAMN,WAAW,QAAQK,aAAa,gBAC7D,iCAAC,SACC;AAAA,2BAAC,SAAI,WAAU,gBACb;AAAA,6BAAC,SAAI,WAAU,eAAeH,eAAKK,SAAnC;AAAA;AAAA;AAAA;AAAA,aAAyC;AAAA,MACzC,uBAAC,SAAI,WAAU,gBACb,iCAAC,UAAK,WAAU,gBAAe,SAASF,aAAa,iBAArD;AAAA;AAAA;AAAA;AAAA,aAEA,KAHF;AAAA;AAAA;AAAA;AAAA,aAIA;AAAA,SANF;AAAA;AAAA;AAAA;AAAA,WAOA;AAAA,IACA,uBAAC,SAAI,WAAU,cACb;AAAA,6BAAC,SAAI,WAAU,aACb;AAAA,+BAAC,SACC,KAAKH,KAAKM,YACV,KAAKN,KAAKK,OACV,OAAM,OACN,QAAO,OACP,SAAS,CAAC;AAAA,UAAEE;AAAAA,QAAc,MAAM;AAC9BA,wBAAcC,UAAU;AACxBD,wBAAcE,MAAM;AAAA,QACtB,KARF;AAAA;AAAA;AAAA;AAAA,eAQI;AAAA,QAEJ,uBAAC,SAAI,WAAU,aACb;AAAA,iCAAC,SACC;AAAA,mCAAC,UAAK,uBAAN;AAAA;AAAA;AAAA;AAAA,mBAAa;AAAA,YACZT,KAAKU,OAAOC;AAAAA,eAFf;AAAA;AAAA;AAAA;AAAA,iBAGA;AAAA,UACA,uBAAC,SACC;AAAA,mCAAC,UAAK,qBAAN;AAAA;AAAA;AAAA;AAAA,mBAAW;AAAA,YACVX,KAAKY;AAAAA,eAFR;AAAA;AAAA;AAAA;AAAA,iBAGA;AAAA,UACA,uBAAC,SACC;AAAA,mCAAC,UAAK,uBAAN;AAAA;AAAA;AAAA;AAAA,mBAAa;AAAA,YACZZ,KAAKa;AAAAA,eAFR;AAAA;AAAA;AAAA;AAAA,iBAGA;AAAA,aAZF;AAAA;AAAA;AAAA;AAAA,eAaA;AAAA,WAxBF;AAAA;AAAA;AAAA;AAAA,aAyBA;AAAA,MACA,uBAAC,SAAI,WAAU,qBAAf;AAAA;AAAA;AAAA;AAAA,aAAiC;AAAA,MACjC,uBAAC,OAAGb,eAAKc,eAAT;AAAA;AAAA;AAAA;AAAA,aAAqB;AAAA,MACrB,uBAAC,SAAI,WAAU,qBAAf;AAAA;AAAA;AAAA;AAAA,aAAiC;AAAA,MACjC,uBAAC,OAAGd,eAAKe,WAAT;AAAA;AAAA;AAAA;AAAA,aAAiB;AAAA,MACjB,uBAAC,SAAI,WAAU,qBAAf;AAAA;AAAA;AAAA;AAAA,aAAiC;AAAA,MACjC,uBAAC,OAAE,MAAMf,KAAKgB,KAAK,QAAO,UAAS,KAAI,cAAa,4CAApD;AAAA;AAAA;AAAA;AAAA,aAEA;AAAA,SAlCF;AAAA;AAAA;AAAA;AAAA,WAmCA;AAAA,OA5CF;AAAA;AAAA;AAAA;AAAA,SA6CA,KA9CF;AAAA;AAAA;AAAA;AAAA,SA+CA;AAEJ;AAAEnB,GApEIF,WAAS;AAAAsB,KAATtB;AAsENA,UAAUuB,YAAY;AAAA,EACpBd,kBAAkBV,UAAUyB;AAC9B;AAEA,eAAexB;AAAU;AAAAyB",
      "names": [
        "useState",
        "useEffect",
        "Modal",
        "PropTypes",
        "ModalForm",
        "props",
        "_s",
        "showModal",
        "setShowModal",
        "data",
        "renderBackdrop",
        "param",
        "handleClose",
        "onModalFormClose",
        "title",
        "urlToImage",
        "currentTarget",
        "onerror",
        "src",
        "source",
        "name",
        "publishedAt",
        "author",
        "description",
        "content",
        "url",
        "_c",
        "propTypes",
        "func",
        "$RefreshReg$"
      ],
      "sources": [
        "C:/Users/skuze/Documents/Sergej/Kursi/EPAM 2022/React-github/rs-react/06_ssr_ssg/06_ssr_ssg/src/components/forms/modalForm/ModalForm.tsx"
      ],
      "file": "C:/Users/skuze/Documents/Sergej/Kursi/EPAM 2022/React-github/rs-react/06_ssr_ssg/06_ssr_ssg/src/components/forms/modalForm/ModalForm.tsx"
    },
    "_coverageSchema": "1a1c01bbd47fc00a2c39e90264f33305004495a9",
    "hash": "fa67707bd11fbd52c1f8cb80325aecfd4bab8663"
  },
  "C:/Users/skuze/Documents/Sergej/Kursi/EPAM 2022/React-github/rs-react/06_ssr_ssg/06_ssr_ssg/src/components/forms/card/Card.tsx": {
    "path": "C:/Users/skuze/Documents/Sergej/Kursi/EPAM 2022/React-github/rs-react/06_ssr_ssg/06_ssr_ssg/src/components/forms/card/Card.tsx",
    "statementMap": {
      "0": {
        "start": {
          "line": 5,
          "column": 0
        },
        "end": {
          "line": 15,
          "column": 1
        }
      },
      "1": {
        "start": {
          "line": 6,
          "column": 2
        },
        "end": {
          "line": 8,
          "column": 3
        }
      },
      "2": {
        "start": {
          "line": 7,
          "column": 4
        },
        "end": {
          "line": 7,
          "column": 165
        }
      },
      "3": {
        "start": {
          "line": 9,
          "column": 2
        },
        "end": {
          "line": 9,
          "column": 39
        }
      },
      "4": {
        "start": {
          "line": 10,
          "column": 2
        },
        "end": {
          "line": 10,
          "column": 39
        }
      },
      "5": {
        "start": {
          "line": 11,
          "column": 2
        },
        "end": {
          "line": 13,
          "column": 4
        }
      },
      "6": {
        "start": {
          "line": 12,
          "column": 4
        },
        "end": {
          "line": 12,
          "column": 170
        }
      },
      "7": {
        "start": {
          "line": 14,
          "column": 2
        },
        "end": {
          "line": 14,
          "column": 75
        }
      },
      "8": {
        "start": {
          "line": 16,
          "column": 9
        },
        "end": {
          "line": 16,
          "column": 23
        }
      },
      "9": {
        "start": {
          "line": 22,
          "column": 2
        },
        "end": {
          "line": 22,
          "column": 7
        }
      },
      "10": {
        "start": {
          "line": 23,
          "column": 36
        },
        "end": {
          "line": 23,
          "column": 51
        }
      },
      "11": {
        "start": {
          "line": 24,
          "column": 26
        },
        "end": {
          "line": 26,
          "column": 3
        }
      },
      "12": {
        "start": {
          "line": 25,
          "column": 4
        },
        "end": {
          "line": 25,
          "column": 54
        }
      },
      "13": {
        "start": {
          "line": 27,
          "column": 22
        },
        "end": {
          "line": 30,
          "column": 3
        }
      },
      "14": {
        "start": {
          "line": 28,
          "column": 4
        },
        "end": {
          "line": 28,
          "column": 23
        }
      },
      "15": {
        "start": {
          "line": 29,
          "column": 4
        },
        "end": {
          "line": 29,
          "column": 23
        }
      },
      "16": {
        "start": {
          "line": 31,
          "column": 27
        },
        "end": {
          "line": 33,
          "column": 3
        }
      },
      "17": {
        "start": {
          "line": 32,
          "column": 4
        },
        "end": {
          "line": 32,
          "column": 24
        }
      },
      "18": {
        "start": {
          "line": 41,
          "column": 6
        },
        "end": {
          "line": 41,
          "column": 16
        }
      },
      "19": {
        "start": {
          "line": 42,
          "column": 2
        },
        "end": {
          "line": 110,
          "column": 11
        }
      },
      "20": {
        "start": {
          "line": 112,
          "column": 0
        },
        "end": {
          "line": 112,
          "column": 41
        }
      },
      "21": {
        "start": {
          "line": 113,
          "column": 0
        },
        "end": {
          "line": 113,
          "column": 10
        }
      },
      "22": {
        "start": {
          "line": 116,
          "column": 0
        },
        "end": {
          "line": 116,
          "column": 25
        }
      },
      "23": {
        "start": {
          "line": 117,
          "column": 0
        },
        "end": {
          "line": 133,
          "column": 1
        }
      },
      "24": {
        "start": {
          "line": 118,
          "column": 2
        },
        "end": {
          "line": 118,
          "column": 39
        }
      },
      "25": {
        "start": {
          "line": 119,
          "column": 2
        },
        "end": {
          "line": 119,
          "column": 39
        }
      },
      "26": {
        "start": {
          "line": 120,
          "column": 2
        },
        "end": {
          "line": 132,
          "column": 5
        }
      },
      "27": {
        "start": {
          "line": 124,
          "column": 4
        },
        "end": {
          "line": 124,
          "column": 196
        }
      },
      "28": {
        "start": {
          "line": 125,
          "column": 4
        },
        "end": {
          "line": 131,
          "column": 7
        }
      },
      "29": {
        "start": {
          "line": 126,
          "column": 6
        },
        "end": {
          "line": 127,
          "column": 15
        }
      },
      "30": {
        "start": {
          "line": 127,
          "column": 8
        },
        "end": {
          "line": 127,
          "column": 15
        }
      },
      "31": {
        "start": {
          "line": 128,
          "column": 32
        },
        "end": {
          "line": 128,
          "column": 115
        }
      },
      "32": {
        "start": {
          "line": 129,
          "column": 6
        },
        "end": {
          "line": 130,
          "column": 54
        }
      },
      "33": {
        "start": {
          "line": 130,
          "column": 8
        },
        "end": {
          "line": 130,
          "column": 54
        }
      }
    },
    "fnMap": {
      "0": {
        "name": "(anonymous_0)",
        "decl": {
          "start": {
            "line": 11,
            "column": 24
          },
          "end": {
            "line": 11,
            "column": 25
          }
        },
        "loc": {
          "start": {
            "line": 11,
            "column": 38
          },
          "end": {
            "line": 13,
            "column": 3
          }
        },
        "line": 11
      },
      "1": {
        "name": "Card",
        "decl": {
          "start": {
            "line": 21,
            "column": 9
          },
          "end": {
            "line": 21,
            "column": 13
          }
        },
        "loc": {
          "start": {
            "line": 21,
            "column": 21
          },
          "end": {
            "line": 111,
            "column": 1
          }
        },
        "line": 21
      },
      "2": {
        "name": "(anonymous_2)",
        "decl": {
          "start": {
            "line": 24,
            "column": 26
          },
          "end": {
            "line": 24,
            "column": 27
          }
        },
        "loc": {
          "start": {
            "line": 24,
            "column": 36
          },
          "end": {
            "line": 26,
            "column": 3
          }
        },
        "line": 24
      },
      "3": {
        "name": "(anonymous_3)",
        "decl": {
          "start": {
            "line": 27,
            "column": 22
          },
          "end": {
            "line": 27,
            "column": 23
          }
        },
        "loc": {
          "start": {
            "line": 27,
            "column": 29
          },
          "end": {
            "line": 30,
            "column": 3
          }
        },
        "line": 27
      },
      "4": {
        "name": "(anonymous_4)",
        "decl": {
          "start": {
            "line": 31,
            "column": 27
          },
          "end": {
            "line": 31,
            "column": 28
          }
        },
        "loc": {
          "start": {
            "line": 31,
            "column": 38
          },
          "end": {
            "line": 33,
            "column": 3
          }
        },
        "line": 31
      },
      "5": {
        "name": "(anonymous_5)",
        "decl": {
          "start": {
            "line": 123,
            "column": 9
          },
          "end": {
            "line": 123,
            "column": 10
          }
        },
        "loc": {
          "start": {
            "line": 123,
            "column": 29
          },
          "end": {
            "line": 132,
            "column": 3
          }
        },
        "line": 123
      },
      "6": {
        "name": "(anonymous_6)",
        "decl": {
          "start": {
            "line": 125,
            "column": 27
          },
          "end": {
            "line": 125,
            "column": 28
          }
        },
        "loc": {
          "start": {
            "line": 125,
            "column": 44
          },
          "end": {
            "line": 131,
            "column": 5
          }
        },
        "line": 125
      }
    },
    "branchMap": {
      "0": {
        "loc": {
          "start": {
            "line": 5,
            "column": 0
          },
          "end": {
            "line": 15,
            "column": 1
          }
        },
        "type": "if",
        "locations": [
          {
            "start": {
              "line": 5,
              "column": 0
            },
            "end": {
              "line": 15,
              "column": 1
            }
          },
          {
            "start": {},
            "end": {}
          }
        ],
        "line": 5
      },
      "1": {
        "loc": {
          "start": {
            "line": 6,
            "column": 2
          },
          "end": {
            "line": 8,
            "column": 3
          }
        },
        "type": "if",
        "locations": [
          {
            "start": {
              "line": 6,
              "column": 2
            },
            "end": {
              "line": 8,
              "column": 3
            }
          },
          {
            "start": {},
            "end": {}
          }
        ],
        "line": 6
      },
      "2": {
        "loc": {
          "start": {
            "line": 44,
            "column": 30
          },
          "end": {
            "line": 44,
            "column": 78
          }
        },
        "type": "cond-expr",
        "locations": [
          {
            "start": {
              "line": 44,
              "column": 52
            },
            "end": {
              "line": 44,
              "column": 65
            }
          },
          {
            "start": {
              "line": 44,
              "column": 68
            },
            "end": {
              "line": 44,
              "column": 78
            }
          }
        ],
        "line": 44
      },
      "3": {
        "loc": {
          "start": {
            "line": 117,
            "column": 0
          },
          "end": {
            "line": 133,
            "column": 1
          }
        },
        "type": "if",
        "locations": [
          {
            "start": {
              "line": 117,
              "column": 0
            },
            "end": {
              "line": 133,
              "column": 1
            }
          },
          {
            "start": {},
            "end": {}
          }
        ],
        "line": 117
      },
      "4": {
        "loc": {
          "start": {
            "line": 126,
            "column": 6
          },
          "end": {
            "line": 127,
            "column": 15
          }
        },
        "type": "if",
        "locations": [
          {
            "start": {
              "line": 126,
              "column": 6
            },
            "end": {
              "line": 127,
              "column": 15
            }
          },
          {
            "start": {},
            "end": {}
          }
        ],
        "line": 126
      },
      "5": {
        "loc": {
          "start": {
            "line": 129,
            "column": 6
          },
          "end": {
            "line": 130,
            "column": 54
          }
        },
        "type": "if",
        "locations": [
          {
            "start": {
              "line": 129,
              "column": 6
            },
            "end": {
              "line": 130,
              "column": 54
            }
          },
          {
            "start": {},
            "end": {}
          }
        ],
        "line": 129
      }
    },
    "s": {
      "0": 58,
      "1": 58,
      "2": 0,
      "3": 58,
      "4": 58,
      "5": 58,
      "6": 58,
      "7": 58,
      "8": 58,
      "9": 1414,
      "10": 1414,
      "11": 1414,
      "12": 1414,
      "13": 1414,
      "14": 7,
      "15": 7,
      "16": 1414,
      "17": 0,
      "18": 1414,
      "19": 1414,
      "20": 58,
      "21": 58,
      "22": 58,
      "23": 58,
      "24": 58,
      "25": 58,
      "26": 58,
      "27": 51,
      "28": 51,
      "29": 0,
      "30": 0,
      "31": 0,
      "32": 0,
      "33": 0
    },
    "f": {
      "0": 58,
      "1": 1414,
      "2": 1414,
      "3": 7,
      "4": 0,
      "5": 51,
      "6": 0
    },
    "b": {
      "0": [
        58,
        0
      ],
      "1": [
        0,
        58
      ],
      "2": [
        114,
        1300
      ],
      "3": [
        58,
        0
      ],
      "4": [
        0,
        0
      ],
      "5": [
        0,
        0
      ]
    },
    "inputSourceMap": {
      "version": 3,
      "mappings": "AAkCU;;;;;;;;;;;;;;;;AAlCV,SAAgBA,gBAAgB;AAChC,OAAOC,eAAe;AAItB,OAAO;AACP,OAAOC,mBAAmB;AAE1B,SAASC,KAAKC,OAAkB;AAAAC;AAC9B,QAAM,CAACC,WAAWC,YAAY,IAAIP,SAAS,KAAK;AAEhD,QAAMQ,kBAAkBA,CAACC,SAAiB;AACxC,WAAO,IAAIC,KAAKD,IAAI,EAAEE,mBAAmB,OAAO;AAAA,EAClD;AAEA,QAAMC,cAAcA,CAACC,MAA2C;AAC9DA,MAAEC,eAAc;AAChBP,iBAAa,IAAI;AAAA,EACnB;AAEA,QAAMQ,mBAAmBA,CAACC,UAAmB;AAC3CT,iBAAaS,KAAK;AAAA,EACpB;AAEA,QAAM;AAAA,IAAEC;AAAAA,IAAQC;AAAAA,IAAOC;AAAAA,IAAaC;AAAAA,IAAKC;AAAAA,IAAYC;AAAAA,EAAY,IAAIlB,MAAMmB;AAC3E,SACE,uBAAC,SAAI,WAAU,QACb;AAAA,2BAAC,SACC,WAAU,SACV,OAAO;AAAA,MACLC,iBAAkB,OAAMH,eAAe,OAAOnB,gBAAgBmB;AAAAA,IAChE,GAEA,iCAAC,SAAI,WAAU,QACb;AAAA,6BAAC,SAAI,WAAU,QAAQJ,iBAAOQ,QAA9B;AAAA;AAAA;AAAA;AAAA,aAAmC;AAAA,MACnC,uBAAC,SAAI,WAAU,QAAQjB,0BAAgBc,WAAW,KAAlD;AAAA;AAAA;AAAA;AAAA,aAAoD;AAAA,SAFtD;AAAA;AAAA;AAAA;AAAA,WAGA,KATF;AAAA;AAAA;AAAA;AAAA,WAUA;AAAA,IACA,uBAAC,SAAI,WAAU,SACb;AAAA,6BAAC,QAAIJ,mBAAL;AAAA;AAAA;AAAA;AAAA,aAAW;AAAA,MACX,uBAAC,SAAI,WAAU,QACb;AAAA,+BAAC,SAAI,WAAU,eAAf;AAAA;AAAA;AAAA;AAAA,eAA2B;AAAA,QAC3B,uBAAC,OAAGC,yBAAJ;AAAA;AAAA;AAAA;AAAA,eAAgB;AAAA,WAFlB;AAAA;AAAA;AAAA;AAAA,aAGA;AAAA,MACA,uBAAC,SAAI,WAAU,QACb,iCAAC,OAAE,MAAMC,KAAK,SAASR,aAAa,yBAApC;AAAA;AAAA;AAAA;AAAA,aAEA,KAHF;AAAA;AAAA;AAAA;AAAA,aAIA;AAAA,SAVF;AAAA;AAAA;AAAA;AAAA,WAWA;AAAA,IACA,uBAAC,aAAU,WAAsB,MAAMR,OAAO,oBAA9C;AAAA;AAAA;AAAA;AAAA,WAAiF;AAAA,OAxBnF;AAAA;AAAA;AAAA;AAAA,SAyBA;AAEJ;AAACC,GA7CQF,MAAI;AAAAuB,KAAJvB;AA+CT,eAAeA;AAAK;AAAAwB",
      "names": [
        "useState",
        "ModalForm",
        "not_available",
        "Card",
        "props",
        "_s",
        "showModal",
        "setShowModal",
        "getFromatedDate",
        "date",
        "Date",
        "toLocaleDateString",
        "onLinkClick",
        "e",
        "preventDefault",
        "onModalFormClose",
        "param",
        "source",
        "title",
        "description",
        "url",
        "urlToImage",
        "publishedAt",
        "data",
        "backgroundImage",
        "name",
        "_c",
        "$RefreshReg$"
      ],
      "sources": [
        "C:/Users/skuze/Documents/Sergej/Kursi/EPAM 2022/React-github/rs-react/06_ssr_ssg/06_ssr_ssg/src/components/forms/card/Card.tsx"
      ],
      "file": "C:/Users/skuze/Documents/Sergej/Kursi/EPAM 2022/React-github/rs-react/06_ssr_ssg/06_ssr_ssg/src/components/forms/card/Card.tsx"
    },
    "_coverageSchema": "1a1c01bbd47fc00a2c39e90264f33305004495a9",
    "hash": "611f8f3467bbf224100ea495ff002391dabdad56"
  },
  "C:/Users/skuze/Documents/Sergej/Kursi/EPAM 2022/React-github/rs-react/06_ssr_ssg/06_ssr_ssg/src/components/ui/Spinner/Spinner.tsx": {
    "path": "C:/Users/skuze/Documents/Sergej/Kursi/EPAM 2022/React-github/rs-react/06_ssr_ssg/06_ssr_ssg/src/components/ui/Spinner/Spinner.tsx",
    "statementMap": {
      "0": {
        "start": {
          "line": 5,
          "column": 0
        },
        "end": {
          "line": 15,
          "column": 1
        }
      },
      "1": {
        "start": {
          "line": 6,
          "column": 2
        },
        "end": {
          "line": 8,
          "column": 3
        }
      },
      "2": {
        "start": {
          "line": 7,
          "column": 4
        },
        "end": {
          "line": 7,
          "column": 165
        }
      },
      "3": {
        "start": {
          "line": 9,
          "column": 2
        },
        "end": {
          "line": 9,
          "column": 39
        }
      },
      "4": {
        "start": {
          "line": 10,
          "column": 2
        },
        "end": {
          "line": 10,
          "column": 39
        }
      },
      "5": {
        "start": {
          "line": 11,
          "column": 2
        },
        "end": {
          "line": 13,
          "column": 4
        }
      },
      "6": {
        "start": {
          "line": 12,
          "column": 4
        },
        "end": {
          "line": 12,
          "column": 173
        }
      },
      "7": {
        "start": {
          "line": 14,
          "column": 2
        },
        "end": {
          "line": 14,
          "column": 75
        }
      },
      "8": {
        "start": {
          "line": 16,
          "column": 16
        },
        "end": {
          "line": 219,
          "column": 1
        }
      },
      "9": {
        "start": {
          "line": 17,
          "column": 2
        },
        "end": {
          "line": 218,
          "column": 11
        }
      },
      "10": {
        "start": {
          "line": 220,
          "column": 0
        },
        "end": {
          "line": 220,
          "column": 13
        }
      },
      "11": {
        "start": {
          "line": 223,
          "column": 0
        },
        "end": {
          "line": 223,
          "column": 28
        }
      },
      "12": {
        "start": {
          "line": 224,
          "column": 0
        },
        "end": {
          "line": 240,
          "column": 1
        }
      },
      "13": {
        "start": {
          "line": 225,
          "column": 2
        },
        "end": {
          "line": 225,
          "column": 39
        }
      },
      "14": {
        "start": {
          "line": 226,
          "column": 2
        },
        "end": {
          "line": 226,
          "column": 39
        }
      },
      "15": {
        "start": {
          "line": 227,
          "column": 2
        },
        "end": {
          "line": 239,
          "column": 5
        }
      },
      "16": {
        "start": {
          "line": 231,
          "column": 4
        },
        "end": {
          "line": 231,
          "column": 199
        }
      },
      "17": {
        "start": {
          "line": 232,
          "column": 4
        },
        "end": {
          "line": 238,
          "column": 7
        }
      },
      "18": {
        "start": {
          "line": 233,
          "column": 6
        },
        "end": {
          "line": 234,
          "column": 15
        }
      },
      "19": {
        "start": {
          "line": 234,
          "column": 8
        },
        "end": {
          "line": 234,
          "column": 15
        }
      },
      "20": {
        "start": {
          "line": 235,
          "column": 32
        },
        "end": {
          "line": 235,
          "column": 115
        }
      },
      "21": {
        "start": {
          "line": 236,
          "column": 6
        },
        "end": {
          "line": 237,
          "column": 54
        }
      },
      "22": {
        "start": {
          "line": 237,
          "column": 8
        },
        "end": {
          "line": 237,
          "column": 54
        }
      }
    },
    "fnMap": {
      "0": {
        "name": "(anonymous_0)",
        "decl": {
          "start": {
            "line": 11,
            "column": 24
          },
          "end": {
            "line": 11,
            "column": 25
          }
        },
        "loc": {
          "start": {
            "line": 11,
            "column": 38
          },
          "end": {
            "line": 13,
            "column": 3
          }
        },
        "line": 11
      },
      "1": {
        "name": "(anonymous_1)",
        "decl": {
          "start": {
            "line": 16,
            "column": 16
          },
          "end": {
            "line": 16,
            "column": 17
          }
        },
        "loc": {
          "start": {
            "line": 16,
            "column": 22
          },
          "end": {
            "line": 219,
            "column": 1
          }
        },
        "line": 16
      },
      "2": {
        "name": "(anonymous_2)",
        "decl": {
          "start": {
            "line": 230,
            "column": 9
          },
          "end": {
            "line": 230,
            "column": 10
          }
        },
        "loc": {
          "start": {
            "line": 230,
            "column": 29
          },
          "end": {
            "line": 239,
            "column": 3
          }
        },
        "line": 230
      },
      "3": {
        "name": "(anonymous_3)",
        "decl": {
          "start": {
            "line": 232,
            "column": 27
          },
          "end": {
            "line": 232,
            "column": 28
          }
        },
        "loc": {
          "start": {
            "line": 232,
            "column": 44
          },
          "end": {
            "line": 238,
            "column": 5
          }
        },
        "line": 232
      }
    },
    "branchMap": {
      "0": {
        "loc": {
          "start": {
            "line": 5,
            "column": 0
          },
          "end": {
            "line": 15,
            "column": 1
          }
        },
        "type": "if",
        "locations": [
          {
            "start": {
              "line": 5,
              "column": 0
            },
            "end": {
              "line": 15,
              "column": 1
            }
          },
          {
            "start": {},
            "end": {}
          }
        ],
        "line": 5
      },
      "1": {
        "loc": {
          "start": {
            "line": 6,
            "column": 2
          },
          "end": {
            "line": 8,
            "column": 3
          }
        },
        "type": "if",
        "locations": [
          {
            "start": {
              "line": 6,
              "column": 2
            },
            "end": {
              "line": 8,
              "column": 3
            }
          },
          {
            "start": {},
            "end": {}
          }
        ],
        "line": 6
      },
      "2": {
        "loc": {
          "start": {
            "line": 224,
            "column": 0
          },
          "end": {
            "line": 240,
            "column": 1
          }
        },
        "type": "if",
        "locations": [
          {
            "start": {
              "line": 224,
              "column": 0
            },
            "end": {
              "line": 240,
              "column": 1
            }
          },
          {
            "start": {},
            "end": {}
          }
        ],
        "line": 224
      },
      "3": {
        "loc": {
          "start": {
            "line": 233,
            "column": 6
          },
          "end": {
            "line": 234,
            "column": 15
          }
        },
        "type": "if",
        "locations": [
          {
            "start": {
              "line": 233,
              "column": 6
            },
            "end": {
              "line": 234,
              "column": 15
            }
          },
          {
            "start": {},
            "end": {}
          }
        ],
        "line": 233
      },
      "4": {
        "loc": {
          "start": {
            "line": 236,
            "column": 6
          },
          "end": {
            "line": 237,
            "column": 54
          }
        },
        "type": "if",
        "locations": [
          {
            "start": {
              "line": 236,
              "column": 6
            },
            "end": {
              "line": 237,
              "column": 54
            }
          },
          {
            "start": {},
            "end": {}
          }
        ],
        "line": 236
      }
    },
    "s": {
      "0": 58,
      "1": 58,
      "2": 0,
      "3": 58,
      "4": 58,
      "5": 58,
      "6": 58,
      "7": 58,
      "8": 58,
      "9": 56,
      "10": 58,
      "11": 58,
      "12": 58,
      "13": 58,
      "14": 58,
      "15": 58,
      "16": 51,
      "17": 51,
      "18": 0,
      "19": 0,
      "20": 0,
      "21": 0,
      "22": 0
    },
    "f": {
      "0": 58,
      "1": 56,
      "2": 51,
      "3": 0
    },
    "b": {
      "0": [
        58,
        0
      ],
      "1": [
        0,
        58
      ],
      "2": [
        58,
        0
      ],
      "3": [
        0,
        0
      ],
      "4": [
        0,
        0
      ]
    },
    "inputSourceMap": {
      "version": 3,
      "mappings": "AAeY;AAfZ,OAAOA,oBAAkB;AAAA;AAAA;AAAA;AAAA;AAAA;AAAA;AAAA;AAAA;AAAA;AAAA;AAAA;AAAA;AAAA;AAEzB,MAAMC,UAAUA,MAAM;AACpB,SACE,uBAAC,SACC,OAAM,8BACN,OAAO;AAAA,IAAEC,QAAQ;AAAA,IAAUC,YAAY;AAAA,IAAQC,SAAS;AAAA,EAAQ,GAChE,OAAM,SACN,QAAO,SACP,SAAQ,eACR,qBAAoB,YAEpB;AAAA,2BAAC,OAAE,WAAU,oBACX,iCAAC,OAAE,WAAU,aACX,iCAAC,YAAO,IAAG,KAAI,IAAG,KAAI,GAAE,KAAI,MAAK,WAAU,aAAY,KACrD;AAAA,6BAAC,sBACC,eAAc,aACd,MAAK,SACL,OAAM,WACN,QAAO,eACP,UAAS,OACT,KAAI,MACJ,aAAY,gBAPd;AAAA;AAAA;AAAA;AAAA,aAQC;AAAA,MACD,uBAAC,aACC,eAAc,eACd,UAAS,OACT,KAAI,MACJ,aAAY,cACZ,QAAO,OACP,OAAM,aANR;AAAA;AAAA;AAAA;AAAA,aAOC;AAAA,SAjBH;AAAA;AAAA;AAAA;AAAA,WAkBA,KAnBF;AAAA;AAAA;AAAA;AAAA,WAoBA,KArBF;AAAA;AAAA;AAAA;AAAA,WAsBA;AAAA,IACA,uBAAC,OAAE,WAAU,kDACX,iCAAC,OAAE,WAAU,cACX,iCAAC,YAAO,IAAG,KAAI,IAAG,KAAI,GAAE,KAAI,MAAK,WAAU,aAAY,SACrD;AAAA,6BAAC,sBACC,eAAc,aACd,MAAK,SACL,OAAM,UACN,QAAO,eACP,UAAS,OACT,KAAI,MACJ,aAAY,gBAPd;AAAA;AAAA;AAAA;AAAA,aAQC;AAAA,MACD,uBAAC,aACC,eAAc,eACd,UAAS,OACT,KAAI,MACJ,aAAY,cACZ,QAAO,OACP,OAAM,YANR;AAAA;AAAA;AAAA;AAAA,aAOC;AAAA,SAjBH;AAAA;AAAA;AAAA;AAAA,WAkBA,KAnBF;AAAA;AAAA;AAAA;AAAA,WAoBA,KArBF;AAAA;AAAA;AAAA;AAAA,WAsBA;AAAA,IACA,uBAAC,OAAE,WAAU,oBACX,iCAAC,OAAE,WAAU,cACX,iCAAC,YAAO,IAAG,KAAI,IAAG,KAAI,GAAE,KAAI,MAAK,WAAU,aAAY,QACrD;AAAA,6BAAC,sBACC,eAAc,aACd,MAAK,SACL,OAAM,WACN,QAAO,eACP,UAAS,OACT,KAAI,MACJ,aAAY,gBAPd;AAAA;AAAA;AAAA;AAAA,aAQC;AAAA,MACD,uBAAC,aACC,eAAc,eACd,UAAS,OACT,KAAI,MACJ,aAAY,cACZ,QAAO,OACP,OAAM,aANR;AAAA;AAAA;AAAA;AAAA,aAOC;AAAA,SAjBH;AAAA;AAAA;AAAA;AAAA,WAkBA,KAnBF;AAAA;AAAA;AAAA;AAAA,WAoBA,KArBF;AAAA;AAAA;AAAA;AAAA,WAsBA;AAAA,IACA,uBAAC,OAAE,WAAU,mDACX,iCAAC,OAAE,WAAU,eACX,iCAAC,YAAO,IAAG,KAAI,IAAG,KAAI,GAAE,KAAI,MAAK,WAAU,aAAY,SACrD;AAAA,6BAAC,sBACC,eAAc,aACd,MAAK,SACL,OAAM,SACN,QAAO,eACP,UAAS,OACT,KAAI,MACJ,aAAY,gBAPd;AAAA;AAAA;AAAA;AAAA,aAQC;AAAA,MACD,uBAAC,aACC,eAAc,eACd,UAAS,OACT,KAAI,MACJ,aAAY,cACZ,QAAO,OACP,OAAM,WANR;AAAA;AAAA;AAAA;AAAA,aAOC;AAAA,SAjBH;AAAA;AAAA;AAAA;AAAA,WAkBA,KAnBF;AAAA;AAAA;AAAA;AAAA,WAoBA,KArBF;AAAA;AAAA;AAAA;AAAA,WAsBA;AAAA,IACA,uBAAC,OAAE,WAAU,mCACX,iCAAC,OAAE,WAAU,eACX,iCAAC,YAAO,IAAG,KAAI,IAAG,KAAI,GAAE,KAAI,MAAK,WAAU,aAAY,OACrD;AAAA,6BAAC,sBACC,eAAc,aACd,MAAK,SACL,OAAM,WACN,QAAO,eACP,UAAS,OACT,KAAI,MACJ,aAAY,gBAPd;AAAA;AAAA;AAAA;AAAA,aAQC;AAAA,MACD,uBAAC,aACC,eAAc,eACd,UAAS,OACT,KAAI,MACJ,aAAY,cACZ,QAAO,OACP,OAAM,aANR;AAAA;AAAA;AAAA;AAAA,aAOC;AAAA,SAjBH;AAAA;AAAA;AAAA;AAAA,WAkBA,KAnBF;AAAA;AAAA;AAAA;AAAA,WAoBA,KArBF;AAAA;AAAA;AAAA;AAAA,WAsBA;AAAA,IACA,uBAAC,OAAE,WAAU,mDACX,iCAAC,OAAE,WAAU,eACX,iCAAC,YAAO,IAAG,KAAI,IAAG,KAAI,GAAE,KAAI,MAAK,WAAU,aAAY,SACrD;AAAA,6BAAC,sBACC,eAAc,aACd,MAAK,SACL,OAAM,UACN,QAAO,eACP,UAAS,OACT,KAAI,MACJ,aAAY,gBAPd;AAAA;AAAA;AAAA;AAAA,aAQC;AAAA,MACD,uBAAC,aACC,eAAc,eACd,UAAS,OACT,KAAI,MACJ,aAAY,cACZ,QAAO,OACP,OAAM,YANR;AAAA;AAAA;AAAA;AAAA,aAOC;AAAA,SAjBH;AAAA;AAAA;AAAA;AAAA,WAkBA,KAnBF;AAAA;AAAA;AAAA;AAAA,WAoBA,KArBF;AAAA;AAAA;AAAA;AAAA,WAsBA;AAAA,IACA,uBAAC,OAAE,WAAU,mCACX,iCAAC,OAAE,WAAU,eACX,iCAAC,YAAO,IAAG,KAAI,IAAG,KAAI,GAAE,KAAI,MAAK,WAAU,aAAY,QACrD;AAAA,6BAAC,sBACC,eAAc,aACd,MAAK,SACL,OAAM,WACN,QAAO,eACP,UAAS,OACT,KAAI,MACJ,aAAY,gBAPd;AAAA;AAAA;AAAA;AAAA,aAQC;AAAA,MACD,uBAAC,aACC,eAAc,eACd,UAAS,OACT,KAAI,MACJ,aAAY,cACZ,QAAO,OACP,OAAM,aANR;AAAA;AAAA;AAAA;AAAA,aAOC;AAAA,SAjBH;AAAA;AAAA;AAAA;AAAA,WAkBA,KAnBF;AAAA;AAAA;AAAA;AAAA,WAoBA,KArBF;AAAA;AAAA;AAAA;AAAA,WAsBA;AAAA,IACA,uBAAC,OAAE,WAAU,kDACX,iCAAC,OAAE,WAAU,eACX,iCAAC,YAAO,IAAG,KAAI,IAAG,KAAI,GAAE,KAAI,MAAK,WAAU,aAAY,SACrD;AAAA,6BAAC,sBACC,eAAc,aACd,MAAK,SACL,OAAM,MACN,QAAO,eACP,UAAS,OACT,KAAI,MACJ,aAAY,gBAPd;AAAA;AAAA;AAAA;AAAA,aAQC;AAAA,MACD,uBAAC,aACC,eAAc,eACd,UAAS,OACT,KAAI,MACJ,aAAY,cACZ,QAAO,OACP,OAAM,QANR;AAAA;AAAA;AAAA;AAAA,aAOC;AAAA,SAjBH;AAAA;AAAA;AAAA;AAAA,WAkBA,KAnBF;AAAA;AAAA;AAAA;AAAA,WAoBA,KArBF;AAAA;AAAA;AAAA;AAAA,WAsBA;AAAA,OA/LF;AAAA;AAAA;AAAA;AAAA,SAgMA;AAEJ;AAAEC,KApMIJ;AAsMN,eAAeA;AAAQ;AAAAK",
      "names": [
        "React",
        "Spinner",
        "margin",
        "background",
        "display",
        "_c",
        "$RefreshReg$"
      ],
      "sources": [
        "C:/Users/skuze/Documents/Sergej/Kursi/EPAM 2022/React-github/rs-react/06_ssr_ssg/06_ssr_ssg/src/components/ui/Spinner/Spinner.tsx"
      ],
      "file": "C:/Users/skuze/Documents/Sergej/Kursi/EPAM 2022/React-github/rs-react/06_ssr_ssg/06_ssr_ssg/src/components/ui/Spinner/Spinner.tsx"
    },
    "_coverageSchema": "1a1c01bbd47fc00a2c39e90264f33305004495a9",
    "hash": "5bcfc4991f994b29e5d5ba5f29a33ce2ba3d0a1a"
  },
  "C:/Users/skuze/Documents/Sergej/Kursi/EPAM 2022/React-github/rs-react/06_ssr_ssg/06_ssr_ssg/src/components/forms/errorMessage/ErrorMessage.tsx": {
    "path": "C:/Users/skuze/Documents/Sergej/Kursi/EPAM 2022/React-github/rs-react/06_ssr_ssg/06_ssr_ssg/src/components/forms/errorMessage/ErrorMessage.tsx",
    "statementMap": {
      "0": {
        "start": {
          "line": 5,
          "column": 0
        },
        "end": {
          "line": 15,
          "column": 1
        }
      },
      "1": {
        "start": {
          "line": 6,
          "column": 2
        },
        "end": {
          "line": 8,
          "column": 3
        }
      },
      "2": {
        "start": {
          "line": 7,
          "column": 4
        },
        "end": {
          "line": 7,
          "column": 165
        }
      },
      "3": {
        "start": {
          "line": 9,
          "column": 2
        },
        "end": {
          "line": 9,
          "column": 39
        }
      },
      "4": {
        "start": {
          "line": 10,
          "column": 2
        },
        "end": {
          "line": 10,
          "column": 39
        }
      },
      "5": {
        "start": {
          "line": 11,
          "column": 2
        },
        "end": {
          "line": 13,
          "column": 4
        }
      },
      "6": {
        "start": {
          "line": 12,
          "column": 4
        },
        "end": {
          "line": 12,
          "column": 186
        }
      },
      "7": {
        "start": {
          "line": 14,
          "column": 2
        },
        "end": {
          "line": 14,
          "column": 75
        }
      },
      "8": {
        "start": {
          "line": 17,
          "column": 21
        },
        "end": {
          "line": 40,
          "column": 1
        }
      },
      "9": {
        "start": {
          "line": 18,
          "column": 2
        },
        "end": {
          "line": 39,
          "column": 11
        }
      },
      "10": {
        "start": {
          "line": 41,
          "column": 0
        },
        "end": {
          "line": 41,
          "column": 18
        }
      },
      "11": {
        "start": {
          "line": 44,
          "column": 0
        },
        "end": {
          "line": 44,
          "column": 33
        }
      },
      "12": {
        "start": {
          "line": 45,
          "column": 0
        },
        "end": {
          "line": 61,
          "column": 1
        }
      },
      "13": {
        "start": {
          "line": 46,
          "column": 2
        },
        "end": {
          "line": 46,
          "column": 39
        }
      },
      "14": {
        "start": {
          "line": 47,
          "column": 2
        },
        "end": {
          "line": 47,
          "column": 39
        }
      },
      "15": {
        "start": {
          "line": 48,
          "column": 2
        },
        "end": {
          "line": 60,
          "column": 5
        }
      },
      "16": {
        "start": {
          "line": 52,
          "column": 4
        },
        "end": {
          "line": 52,
          "column": 212
        }
      },
      "17": {
        "start": {
          "line": 53,
          "column": 4
        },
        "end": {
          "line": 59,
          "column": 7
        }
      },
      "18": {
        "start": {
          "line": 54,
          "column": 6
        },
        "end": {
          "line": 55,
          "column": 15
        }
      },
      "19": {
        "start": {
          "line": 55,
          "column": 8
        },
        "end": {
          "line": 55,
          "column": 15
        }
      },
      "20": {
        "start": {
          "line": 56,
          "column": 32
        },
        "end": {
          "line": 56,
          "column": 115
        }
      },
      "21": {
        "start": {
          "line": 57,
          "column": 6
        },
        "end": {
          "line": 58,
          "column": 54
        }
      },
      "22": {
        "start": {
          "line": 58,
          "column": 8
        },
        "end": {
          "line": 58,
          "column": 54
        }
      }
    },
    "fnMap": {
      "0": {
        "name": "(anonymous_0)",
        "decl": {
          "start": {
            "line": 11,
            "column": 24
          },
          "end": {
            "line": 11,
            "column": 25
          }
        },
        "loc": {
          "start": {
            "line": 11,
            "column": 38
          },
          "end": {
            "line": 13,
            "column": 3
          }
        },
        "line": 11
      },
      "1": {
        "name": "(anonymous_1)",
        "decl": {
          "start": {
            "line": 17,
            "column": 21
          },
          "end": {
            "line": 17,
            "column": 22
          }
        },
        "loc": {
          "start": {
            "line": 17,
            "column": 27
          },
          "end": {
            "line": 40,
            "column": 1
          }
        },
        "line": 17
      },
      "2": {
        "name": "(anonymous_2)",
        "decl": {
          "start": {
            "line": 51,
            "column": 9
          },
          "end": {
            "line": 51,
            "column": 10
          }
        },
        "loc": {
          "start": {
            "line": 51,
            "column": 29
          },
          "end": {
            "line": 60,
            "column": 3
          }
        },
        "line": 51
      },
      "3": {
        "name": "(anonymous_3)",
        "decl": {
          "start": {
            "line": 53,
            "column": 27
          },
          "end": {
            "line": 53,
            "column": 28
          }
        },
        "loc": {
          "start": {
            "line": 53,
            "column": 44
          },
          "end": {
            "line": 59,
            "column": 5
          }
        },
        "line": 53
      }
    },
    "branchMap": {
      "0": {
        "loc": {
          "start": {
            "line": 5,
            "column": 0
          },
          "end": {
            "line": 15,
            "column": 1
          }
        },
        "type": "if",
        "locations": [
          {
            "start": {
              "line": 5,
              "column": 0
            },
            "end": {
              "line": 15,
              "column": 1
            }
          },
          {
            "start": {},
            "end": {}
          }
        ],
        "line": 5
      },
      "1": {
        "loc": {
          "start": {
            "line": 6,
            "column": 2
          },
          "end": {
            "line": 8,
            "column": 3
          }
        },
        "type": "if",
        "locations": [
          {
            "start": {
              "line": 6,
              "column": 2
            },
            "end": {
              "line": 8,
              "column": 3
            }
          },
          {
            "start": {},
            "end": {}
          }
        ],
        "line": 6
      },
      "2": {
        "loc": {
          "start": {
            "line": 45,
            "column": 0
          },
          "end": {
            "line": 61,
            "column": 1
          }
        },
        "type": "if",
        "locations": [
          {
            "start": {
              "line": 45,
              "column": 0
            },
            "end": {
              "line": 61,
              "column": 1
            }
          },
          {
            "start": {},
            "end": {}
          }
        ],
        "line": 45
      },
      "3": {
        "loc": {
          "start": {
            "line": 54,
            "column": 6
          },
          "end": {
            "line": 55,
            "column": 15
          }
        },
        "type": "if",
        "locations": [
          {
            "start": {
              "line": 54,
              "column": 6
            },
            "end": {
              "line": 55,
              "column": 15
            }
          },
          {
            "start": {},
            "end": {}
          }
        ],
        "line": 54
      },
      "4": {
        "loc": {
          "start": {
            "line": 57,
            "column": 6
          },
          "end": {
            "line": 58,
            "column": 54
          }
        },
        "type": "if",
        "locations": [
          {
            "start": {
              "line": 57,
              "column": 6
            },
            "end": {
              "line": 58,
              "column": 54
            }
          },
          {
            "start": {},
            "end": {}
          }
        ],
        "line": 57
      }
    },
    "s": {
      "0": 58,
      "1": 58,
      "2": 0,
      "3": 58,
      "4": 58,
      "5": 58,
      "6": 58,
      "7": 58,
      "8": 58,
      "9": 14,
      "10": 58,
      "11": 58,
      "12": 58,
      "13": 58,
      "14": 58,
      "15": 58,
      "16": 51,
      "17": 51,
      "18": 0,
      "19": 0,
      "20": 0,
      "21": 0,
      "22": 0
    },
    "f": {
      "0": 58,
      "1": 14,
      "2": 51,
      "3": 0
    },
    "b": {
      "0": [
        58,
        0
      ],
      "1": [
        0,
        58
      ],
      "2": [
        58,
        0
      ],
      "3": [
        0,
        0
      ],
      "4": [
        0,
        0
      ]
    },
    "inputSourceMap": {
      "version": 3,
      "mappings": "AAMM;AANN,OAAOA,oBAAkB;AAAA;AAAA;AAAA;AAAA;AAAA;AAAA;AAAA;AAAA;AAAA;AAAA;AAAA;AAAA;AAAA;AACzB,OAAO;AAEP,MAAMC,eAAeA,MAAM;AACzB,SACE,uBAAC,SAAI,WAAU,SACb;AAAA,2BAAC,SACC,OAAO;AAAA,MACLC,SAAS;AAAA,MACTC,OAAO;AAAA,MACPC,QAAQ;AAAA,MACRC,WAAW;AAAA,MACXC,QAAQ;AAAA,IACV,GACA,KAAI,eACJ,KAAI,WATN;AAAA;AAAA;AAAA;AAAA,WASa;AAAA,IAEb,uBAAC,QAAG,qCAAJ;AAAA;AAAA;AAAA;AAAA,WAAyB;AAAA,OAZ3B;AAAA;AAAA;AAAA;AAAA,SAaA;AAEJ;AAAEC,KAjBIN;AAmBN,eAAeA;AAAa;AAAAO",
      "names": [
        "React",
        "ErrorMessage",
        "display",
        "width",
        "height",
        "objectFit",
        "margin",
        "_c",
        "$RefreshReg$"
      ],
      "sources": [
        "C:/Users/skuze/Documents/Sergej/Kursi/EPAM 2022/React-github/rs-react/06_ssr_ssg/06_ssr_ssg/src/components/forms/errorMessage/ErrorMessage.tsx"
      ],
      "file": "C:/Users/skuze/Documents/Sergej/Kursi/EPAM 2022/React-github/rs-react/06_ssr_ssg/06_ssr_ssg/src/components/forms/errorMessage/ErrorMessage.tsx"
    },
    "_coverageSchema": "1a1c01bbd47fc00a2c39e90264f33305004495a9",
    "hash": "8d488ffa3c45c5f7c13dee8fda3a6edffe0a9c04"
  },
  "C:/Users/skuze/Documents/Sergej/Kursi/EPAM 2022/React-github/rs-react/06_ssr_ssg/06_ssr_ssg/src/components/forms/notFound/NotFound.tsx": {
    "path": "C:/Users/skuze/Documents/Sergej/Kursi/EPAM 2022/React-github/rs-react/06_ssr_ssg/06_ssr_ssg/src/components/forms/notFound/NotFound.tsx",
    "statementMap": {
      "0": {
        "start": {
          "line": 5,
          "column": 0
        },
        "end": {
          "line": 15,
          "column": 1
        }
      },
      "1": {
        "start": {
          "line": 6,
          "column": 2
        },
        "end": {
          "line": 8,
          "column": 3
        }
      },
      "2": {
        "start": {
          "line": 7,
          "column": 4
        },
        "end": {
          "line": 7,
          "column": 165
        }
      },
      "3": {
        "start": {
          "line": 9,
          "column": 2
        },
        "end": {
          "line": 9,
          "column": 39
        }
      },
      "4": {
        "start": {
          "line": 10,
          "column": 2
        },
        "end": {
          "line": 10,
          "column": 39
        }
      },
      "5": {
        "start": {
          "line": 11,
          "column": 2
        },
        "end": {
          "line": 13,
          "column": 4
        }
      },
      "6": {
        "start": {
          "line": 12,
          "column": 4
        },
        "end": {
          "line": 12,
          "column": 178
        }
      },
      "7": {
        "start": {
          "line": 14,
          "column": 2
        },
        "end": {
          "line": 14,
          "column": 75
        }
      },
      "8": {
        "start": {
          "line": 18,
          "column": 2
        },
        "end": {
          "line": 26,
          "column": 11
        }
      },
      "9": {
        "start": {
          "line": 28,
          "column": 0
        },
        "end": {
          "line": 28,
          "column": 14
        }
      },
      "10": {
        "start": {
          "line": 31,
          "column": 0
        },
        "end": {
          "line": 31,
          "column": 29
        }
      },
      "11": {
        "start": {
          "line": 32,
          "column": 0
        },
        "end": {
          "line": 48,
          "column": 1
        }
      },
      "12": {
        "start": {
          "line": 33,
          "column": 2
        },
        "end": {
          "line": 33,
          "column": 39
        }
      },
      "13": {
        "start": {
          "line": 34,
          "column": 2
        },
        "end": {
          "line": 34,
          "column": 39
        }
      },
      "14": {
        "start": {
          "line": 35,
          "column": 2
        },
        "end": {
          "line": 47,
          "column": 5
        }
      },
      "15": {
        "start": {
          "line": 39,
          "column": 4
        },
        "end": {
          "line": 39,
          "column": 204
        }
      },
      "16": {
        "start": {
          "line": 40,
          "column": 4
        },
        "end": {
          "line": 46,
          "column": 7
        }
      },
      "17": {
        "start": {
          "line": 41,
          "column": 6
        },
        "end": {
          "line": 42,
          "column": 15
        }
      },
      "18": {
        "start": {
          "line": 42,
          "column": 8
        },
        "end": {
          "line": 42,
          "column": 15
        }
      },
      "19": {
        "start": {
          "line": 43,
          "column": 32
        },
        "end": {
          "line": 43,
          "column": 115
        }
      },
      "20": {
        "start": {
          "line": 44,
          "column": 6
        },
        "end": {
          "line": 45,
          "column": 54
        }
      },
      "21": {
        "start": {
          "line": 45,
          "column": 8
        },
        "end": {
          "line": 45,
          "column": 54
        }
      }
    },
    "fnMap": {
      "0": {
        "name": "(anonymous_0)",
        "decl": {
          "start": {
            "line": 11,
            "column": 24
          },
          "end": {
            "line": 11,
            "column": 25
          }
        },
        "loc": {
          "start": {
            "line": 11,
            "column": 38
          },
          "end": {
            "line": 13,
            "column": 3
          }
        },
        "line": 11
      },
      "1": {
        "name": "NotFound",
        "decl": {
          "start": {
            "line": 17,
            "column": 9
          },
          "end": {
            "line": 17,
            "column": 17
          }
        },
        "loc": {
          "start": {
            "line": 17,
            "column": 20
          },
          "end": {
            "line": 27,
            "column": 1
          }
        },
        "line": 17
      },
      "2": {
        "name": "(anonymous_2)",
        "decl": {
          "start": {
            "line": 38,
            "column": 9
          },
          "end": {
            "line": 38,
            "column": 10
          }
        },
        "loc": {
          "start": {
            "line": 38,
            "column": 29
          },
          "end": {
            "line": 47,
            "column": 3
          }
        },
        "line": 38
      },
      "3": {
        "name": "(anonymous_3)",
        "decl": {
          "start": {
            "line": 40,
            "column": 27
          },
          "end": {
            "line": 40,
            "column": 28
          }
        },
        "loc": {
          "start": {
            "line": 40,
            "column": 44
          },
          "end": {
            "line": 46,
            "column": 5
          }
        },
        "line": 40
      }
    },
    "branchMap": {
      "0": {
        "loc": {
          "start": {
            "line": 5,
            "column": 0
          },
          "end": {
            "line": 15,
            "column": 1
          }
        },
        "type": "if",
        "locations": [
          {
            "start": {
              "line": 5,
              "column": 0
            },
            "end": {
              "line": 15,
              "column": 1
            }
          },
          {
            "start": {},
            "end": {}
          }
        ],
        "line": 5
      },
      "1": {
        "loc": {
          "start": {
            "line": 6,
            "column": 2
          },
          "end": {
            "line": 8,
            "column": 3
          }
        },
        "type": "if",
        "locations": [
          {
            "start": {
              "line": 6,
              "column": 2
            },
            "end": {
              "line": 8,
              "column": 3
            }
          },
          {
            "start": {},
            "end": {}
          }
        ],
        "line": 6
      },
      "2": {
        "loc": {
          "start": {
            "line": 32,
            "column": 0
          },
          "end": {
            "line": 48,
            "column": 1
          }
        },
        "type": "if",
        "locations": [
          {
            "start": {
              "line": 32,
              "column": 0
            },
            "end": {
              "line": 48,
              "column": 1
            }
          },
          {
            "start": {},
            "end": {}
          }
        ],
        "line": 32
      },
      "3": {
        "loc": {
          "start": {
            "line": 41,
            "column": 6
          },
          "end": {
            "line": 42,
            "column": 15
          }
        },
        "type": "if",
        "locations": [
          {
            "start": {
              "line": 41,
              "column": 6
            },
            "end": {
              "line": 42,
              "column": 15
            }
          },
          {
            "start": {},
            "end": {}
          }
        ],
        "line": 41
      },
      "4": {
        "loc": {
          "start": {
            "line": 44,
            "column": 6
          },
          "end": {
            "line": 45,
            "column": 54
          }
        },
        "type": "if",
        "locations": [
          {
            "start": {
              "line": 44,
              "column": 6
            },
            "end": {
              "line": 45,
              "column": 54
            }
          },
          {
            "start": {},
            "end": {}
          }
        ],
        "line": 44
      }
    },
    "s": {
      "0": 58,
      "1": 58,
      "2": 0,
      "3": 58,
      "4": 58,
      "5": 58,
      "6": 58,
      "7": 58,
      "8": 0,
      "9": 58,
      "10": 58,
      "11": 58,
      "12": 58,
      "13": 58,
      "14": 58,
      "15": 51,
      "16": 51,
      "17": 0,
      "18": 0,
      "19": 0,
      "20": 0,
      "21": 0
    },
    "f": {
      "0": 58,
      "1": 0,
      "2": 51,
      "3": 0
    },
    "b": {
      "0": [
        58,
        0
      ],
      "1": [
        0,
        58
      ],
      "2": [
        58,
        0
      ],
      "3": [
        0,
        0
      ],
      "4": [
        0,
        0
      ]
    },
    "inputSourceMap": {
      "version": 3,
      "mappings": "AAOM;AAPN,OAAOA,oBAAkB;AAAA;AAAA;AAAA;AAAA;AAAA;AAAA;AAAA;AAAA;AAAA;AAAA;AAAA;AAAA;AAAA;AAEzB,OAAO;AAEP,SAASC,WAAW;AAClB,SACE,uBAAC,SAAI,WAAU,WACb,iCAAC,QAAG,4DAAJ;AAAA;AAAA;AAAA;AAAA,SAAgD,KADlD;AAAA;AAAA;AAAA;AAAA,SAEA;AAEJ;AAACC,KANQD;AAQT,eAAeA;AAAS;AAAAE",
      "names": [
        "React",
        "NotFound",
        "_c",
        "$RefreshReg$"
      ],
      "sources": [
        "C:/Users/skuze/Documents/Sergej/Kursi/EPAM 2022/React-github/rs-react/06_ssr_ssg/06_ssr_ssg/src/components/forms/notFound/NotFound.tsx"
      ],
      "file": "C:/Users/skuze/Documents/Sergej/Kursi/EPAM 2022/React-github/rs-react/06_ssr_ssg/06_ssr_ssg/src/components/forms/notFound/NotFound.tsx"
    },
    "_coverageSchema": "1a1c01bbd47fc00a2c39e90264f33305004495a9",
    "hash": "4c0582823d1883cc0f77b17c81bb4871347c03c3"
  },
  "C:/Users/skuze/Documents/Sergej/Kursi/EPAM 2022/React-github/rs-react/06_ssr_ssg/06_ssr_ssg/src/services/articlesSevice.ts": {
    "path": "C:/Users/skuze/Documents/Sergej/Kursi/EPAM 2022/React-github/rs-react/06_ssr_ssg/06_ssr_ssg/src/services/articlesSevice.ts",
    "statementMap": {
      "0": {
        "start": {
          "line": 2,
          "column": 27
        },
        "end": {
          "line": 18,
          "column": 2
        }
      },
      "1": {
        "start": {
          "line": 5,
          "column": 27
        },
        "end": {
          "line": 17,
          "column": 3
        }
      },
      "2": {
        "start": {
          "line": 8,
          "column": 20
        },
        "end": {
          "line": 8,
          "column": 23
        }
      },
      "3": {
        "start": {
          "line": 9,
          "column": 70
        },
        "end": {
          "line": 9,
          "column": 73
        }
      },
      "4": {
        "start": {
          "line": 10,
          "column": 8
        },
        "end": {
          "line": 10,
          "column": 31
        }
      },
      "5": {
        "start": {
          "line": 11,
          "column": 8
        },
        "end": {
          "line": 14,
          "column": 10
        }
      },
      "6": {
        "start": {
          "line": 19,
          "column": 39
        },
        "end": {
          "line": 19,
          "column": 50
        }
      }
    },
    "fnMap": {
      "0": {
        "name": "(anonymous_0)",
        "decl": {
          "start": {
            "line": 5,
            "column": 13
          },
          "end": {
            "line": 5,
            "column": 14
          }
        },
        "loc": {
          "start": {
            "line": 5,
            "column": 27
          },
          "end": {
            "line": 17,
            "column": 3
          }
        },
        "line": 5
      },
      "1": {
        "name": "(anonymous_1)",
        "decl": {
          "start": {
            "line": 7,
            "column": 13
          },
          "end": {
            "line": 7,
            "column": 14
          }
        },
        "loc": {
          "start": {
            "line": 7,
            "column": 22
          },
          "end": {
            "line": 15,
            "column": 7
          }
        },
        "line": 7
      }
    },
    "branchMap": {
      "0": {
        "loc": {
          "start": {
            "line": 10,
            "column": 12
          },
          "end": {
            "line": 10,
            "column": 30
          }
        },
        "type": "cond-expr",
        "locations": [
          {
            "start": {
              "line": 10,
              "column": 23
            },
            "end": {
              "line": 10,
              "column": 26
            }
          },
          {
            "start": {
              "line": 10,
              "column": 29
            },
            "end": {
              "line": 10,
              "column": 30
            }
          }
        ],
        "line": 10
      }
    },
    "s": {
      "0": 58,
      "1": 58,
      "2": 14,
      "3": 14,
      "4": 14,
      "5": 14,
      "6": 58
    },
    "f": {
      "0": 58,
      "1": 14
    },
    "b": {
      "0": [
        14,
        0
      ]
    },
    "inputSourceMap": {
      "version": 3,
      "sources": [
        "C:/Users/skuze/Documents/Sergej/Kursi/EPAM 2022/React-github/rs-react/06_ssr_ssg/06_ssr_ssg/src/services/articlesSevice.ts"
      ],
      "mappings": "AAAA,SAAS,WAAW,sBAAsB;AAGnC,aAAM,cAAc,UAAU;AAAA,EACnC,aAAa;AAAA,EACb,WAAW,eAAe,EAAE,SAAS,sBAAsB,CAAC;AAAA,EAC5D,WAAW,CAAC,aAAa;AAAA,IACvB,aAAa,QAAQ,MAWnB;AAAA,MACA,OAAO,CAAC,QAAQ;AACd,YAAI,EAAE,EAAE,IAAI;AACZ,cAAM,EAAE,QAAQ,SAAS,MAAM,UAAU,UAAU,OAAO,IAAI;AAC9D,YAAI,MAAM,KAAK,MAAM;AACrB,eAAO;AAAA,UACL,KAAK;AAAA,UACL,QAAQ,EAAE,GAAG,QAAQ,SAAS,MAAM,UAAU,UAAU,OAAO;AAAA,QACjE;AAAA,MACF;AAAA,IACF,CAAC;AAAA,EACH;AACF,CAAC;AAEM,aAAM,EAAE,oBAAoB,IAAI;",
      "names": []
    },
    "_coverageSchema": "1a1c01bbd47fc00a2c39e90264f33305004495a9",
    "hash": "e52093ed122e5de591c821a511c8d545f4bc05fe"
  },
  "C:/Users/skuze/Documents/Sergej/Kursi/EPAM 2022/React-github/rs-react/06_ssr_ssg/06_ssr_ssg/src/components/forms/cardList/CardList.tsx": {
    "path": "C:/Users/skuze/Documents/Sergej/Kursi/EPAM 2022/React-github/rs-react/06_ssr_ssg/06_ssr_ssg/src/components/forms/cardList/CardList.tsx",
    "statementMap": {
      "0": {
        "start": {
          "line": 5,
          "column": 0
        },
        "end": {
          "line": 15,
          "column": 1
        }
      },
      "1": {
        "start": {
          "line": 6,
          "column": 2
        },
        "end": {
          "line": 8,
          "column": 3
        }
      },
      "2": {
        "start": {
          "line": 7,
          "column": 4
        },
        "end": {
          "line": 7,
          "column": 165
        }
      },
      "3": {
        "start": {
          "line": 9,
          "column": 2
        },
        "end": {
          "line": 9,
          "column": 39
        }
      },
      "4": {
        "start": {
          "line": 10,
          "column": 2
        },
        "end": {
          "line": 10,
          "column": 39
        }
      },
      "5": {
        "start": {
          "line": 11,
          "column": 2
        },
        "end": {
          "line": 13,
          "column": 4
        }
      },
      "6": {
        "start": {
          "line": 12,
          "column": 4
        },
        "end": {
          "line": 12,
          "column": 178
        }
      },
      "7": {
        "start": {
          "line": 14,
          "column": 2
        },
        "end": {
          "line": 14,
          "column": 75
        }
      },
      "8": {
        "start": {
          "line": 16,
          "column": 9
        },
        "end": {
          "line": 16,
          "column": 23
        }
      },
      "9": {
        "start": {
          "line": 25,
          "column": 17
        },
        "end": {
          "line": 60,
          "column": 1
        }
      },
      "10": {
        "start": {
          "line": 26,
          "column": 2
        },
        "end": {
          "line": 26,
          "column": 7
        }
      },
      "11": {
        "start": {
          "line": 31,
          "column": 6
        },
        "end": {
          "line": 31,
          "column": 67
        }
      },
      "12": {
        "start": {
          "line": 31,
          "column": 49
        },
        "end": {
          "line": 31,
          "column": 65
        }
      },
      "13": {
        "start": {
          "line": 32,
          "column": 18
        },
        "end": {
          "line": 40,
          "column": 17
        }
      },
      "14": {
        "start": {
          "line": 41,
          "column": 23
        },
        "end": {
          "line": 45,
          "column": 17
        }
      },
      "15": {
        "start": {
          "line": 46,
          "column": 18
        },
        "end": {
          "line": 50,
          "column": 17
        }
      },
      "16": {
        "start": {
          "line": 51,
          "column": 2
        },
        "end": {
          "line": 59,
          "column": 11
        }
      },
      "17": {
        "start": {
          "line": 61,
          "column": 0
        },
        "end": {
          "line": 63,
          "column": 3
        }
      },
      "18": {
        "start": {
          "line": 62,
          "column": 2
        },
        "end": {
          "line": 62,
          "column": 44
        }
      },
      "19": {
        "start": {
          "line": 64,
          "column": 0
        },
        "end": {
          "line": 64,
          "column": 14
        }
      },
      "20": {
        "start": {
          "line": 65,
          "column": 13
        },
        "end": {
          "line": 80,
          "column": 1
        }
      },
      "21": {
        "start": {
          "line": 68,
          "column": 19
        },
        "end": {
          "line": 74,
          "column": 4
        }
      },
      "22": {
        "start": {
          "line": 69,
          "column": 4
        },
        "end": {
          "line": 73,
          "column": 13
        }
      },
      "23": {
        "start": {
          "line": 75,
          "column": 2
        },
        "end": {
          "line": 79,
          "column": 11
        }
      },
      "24": {
        "start": {
          "line": 81,
          "column": 0
        },
        "end": {
          "line": 81,
          "column": 11
        }
      },
      "25": {
        "start": {
          "line": 82,
          "column": 0
        },
        "end": {
          "line": 84,
          "column": 2
        }
      },
      "26": {
        "start": {
          "line": 87,
          "column": 0
        },
        "end": {
          "line": 87,
          "column": 29
        }
      },
      "27": {
        "start": {
          "line": 88,
          "column": 0
        },
        "end": {
          "line": 88,
          "column": 26
        }
      },
      "28": {
        "start": {
          "line": 89,
          "column": 0
        },
        "end": {
          "line": 105,
          "column": 1
        }
      },
      "29": {
        "start": {
          "line": 90,
          "column": 2
        },
        "end": {
          "line": 90,
          "column": 39
        }
      },
      "30": {
        "start": {
          "line": 91,
          "column": 2
        },
        "end": {
          "line": 91,
          "column": 39
        }
      },
      "31": {
        "start": {
          "line": 92,
          "column": 2
        },
        "end": {
          "line": 104,
          "column": 5
        }
      },
      "32": {
        "start": {
          "line": 96,
          "column": 4
        },
        "end": {
          "line": 96,
          "column": 204
        }
      },
      "33": {
        "start": {
          "line": 97,
          "column": 4
        },
        "end": {
          "line": 103,
          "column": 7
        }
      },
      "34": {
        "start": {
          "line": 98,
          "column": 6
        },
        "end": {
          "line": 99,
          "column": 15
        }
      },
      "35": {
        "start": {
          "line": 99,
          "column": 8
        },
        "end": {
          "line": 99,
          "column": 15
        }
      },
      "36": {
        "start": {
          "line": 100,
          "column": 32
        },
        "end": {
          "line": 100,
          "column": 115
        }
      },
      "37": {
        "start": {
          "line": 101,
          "column": 6
        },
        "end": {
          "line": 102,
          "column": 54
        }
      },
      "38": {
        "start": {
          "line": 102,
          "column": 8
        },
        "end": {
          "line": 102,
          "column": 54
        }
      }
    },
    "fnMap": {
      "0": {
        "name": "(anonymous_0)",
        "decl": {
[...]
          "line": 72,
          "column": 15
        }
      },
      "19": {
        "start": {
          "line": 72,
          "column": 8
        },
        "end": {
          "line": 72,
          "column": 15
        }
      },
      "20": {
        "start": {
          "line": 73,
          "column": 32
        },
        "end": {
          "line": 73,
          "column": 115
        }
      },
      "21": {
        "start": {
          "line": 74,
          "column": 6
        },
        "end": {
          "line": 75,
          "column": 54
        }
      },
      "22": {
        "start": {
          "line": 75,
          "column": 8
        },
        "end": {
          "line": 75,
          "column": 54
        }
      }
    },
    "fnMap": {
      "0": {
        "name": "(anonymous_0)",
        "decl": {
          "start": {
            "line": 11,
            "column": 24
          },
          "end": {
            "line": 11,
            "column": 25
          }
        },
        "loc": {
          "start": {
            "line": 11,
            "column": 38
          },
          "end": {
            "line": 13,
            "column": 3
          }
        },
        "line": 11
      },
      "1": {
        "name": "(anonymous_1)",
        "decl": {
          "start": {
            "line": 18,
            "column": 16
          },
          "end": {
            "line": 18,
            "column": 17
          }
        },
        "loc": {
          "start": {
            "line": 18,
            "column": 22
          },
          "end": {
            "line": 57,
            "column": 1
          }
        },
        "line": 18
      },
      "2": {
        "name": "(anonymous_2)",
        "decl": {
          "start": {
            "line": 68,
            "column": 9
          },
          "end": {
            "line": 68,
            "column": 10
          }
        },
        "loc": {
          "start": {
            "line": 68,
            "column": 29
          },
          "end": {
            "line": 77,
            "column": 3
          }
        },
        "line": 68
      },
      "3": {
        "name": "(anonymous_3)",
        "decl": {
          "start": {
            "line": 70,
            "column": 27
          },
          "end": {
            "line": 70,
            "column": 28
          }
        },
        "loc": {
          "start": {
            "line": 70,
            "column": 44
          },
          "end": {
            "line": 76,
            "column": 5
          }
        },
        "line": 70
      }
    },
    "branchMap": {
      "0": {
        "loc": {
          "start": {
            "line": 5,
            "column": 0
          },
          "end": {
            "line": 15,
            "column": 1
          }
        },
        "type": "if",
        "locations": [
          {
            "start": {
              "line": 5,
              "column": 0
            },
            "end": {
              "line": 15,
              "column": 1
            }
          },
          {
            "start": {},
            "end": {}
          }
        ],
        "line": 5
      },
      "1": {
        "loc": {
          "start": {
            "line": 6,
            "column": 2
          },
          "end": {
            "line": 8,
            "column": 3
          }
        },
        "type": "if",
        "locations": [
          {
            "start": {
              "line": 6,
              "column": 2
            },
            "end": {
              "line": 8,
              "column": 3
            }
          },
          {
            "start": {},
            "end": {}
          }
        ],
        "line": 6
      },
      "2": {
        "loc": {
          "start": {
            "line": 62,
            "column": 0
          },
          "end": {
            "line": 78,
            "column": 1
          }
        },
        "type": "if",
        "locations": [
          {
            "start": {
              "line": 62,
              "column": 0
            },
            "end": {
              "line": 78,
              "column": 1
            }
          },
          {
            "start": {},
            "end": {}
          }
        ],
        "line": 62
      },
      "3": {
        "loc": {
          "start": {
            "line": 71,
            "column": 6
          },
          "end": {
            "line": 72,
            "column": 15
          }
        },
        "type": "if",
        "locations": [
          {
            "start": {
              "line": 71,
              "column": 6
            },
            "end": {
              "line": 72,
              "column": 15
            }
          },
          {
            "start": {},
            "end": {}
          }
        ],
        "line": 71
      },
      "4": {
        "loc": {
          "start": {
            "line": 74,
            "column": 6
          },
          "end": {
            "line": 75,
            "column": 54
          }
        },
        "type": "if",
        "locations": [
          {
            "start": {
              "line": 74,
              "column": 6
            },
            "end": {
              "line": 75,
              "column": 54
            }
          },
          {
            "start": {},
            "end": {}
          }
        ],
        "line": 74
      }
    },
    "s": {
      "0": 58,
      "1": 58,
      "2": 0,
      "3": 58,
      "4": 58,
      "5": 58,
      "6": 58,
      "7": 58,
      "8": 58,
      "9": 14,
      "10": 58,
      "11": 58,
      "12": 58,
      "13": 58,
      "14": 58,
      "15": 58,
      "16": 51,
      "17": 51,
      "18": 0,
      "19": 0,
      "20": 0,
      "21": 0,
      "22": 0
    },
    "f": {
      "0": 58,
      "1": 14,
      "2": 51,
      "3": 0
    },
    "b": {
      "0": [
        58,
        0
      ],
      "1": [
        0,
        58
      ],
      "2": [
        58,
        0
      ],
      "3": [
        0,
        0
      ],
      "4": [
        0,
        0
      ]
    },
    "inputSourceMap": {
      "version": 3,
      "mappings": "AAWY;AAXZ,OAAOA,oBAAkB;AAAA;AAAA;AAAA;AAAA;AAAA;AAAA;AAAA;AAAA;AAAA;AAAA;AAAA;AAAA;AAAA;AACzB,SAASC,YAAY;AAErB,OAAO;AAEP,MAAMC,UAAUA,MAAM;AACpB,SACE,uBAAC,SACC,iCAAC,SAAI,IAAG,YACN,iCAAC,SAAI,WAAU,YACb;AAAA,2BAAC,SAAI,WAAU,gBACb,iCAAC,QAAG,mBAAJ;AAAA;AAAA;AAAA;AAAA,WAAO,KADT;AAAA;AAAA;AAAA;AAAA,WAEA;AAAA,IACA,uBAAC,QAAG,6CAAJ;AAAA;AAAA;AAAA;AAAA,WAAiC;AAAA,IACjC,uBAAC,OAAE,wHAAH;AAAA;AAAA;AAAA;AAAA,WAGA;AAAA,IACA,uBAAC,QAAK,WAAU,UAAS,IAAG,KAAI,gCAAhC;AAAA;AAAA;AAAA;AAAA,WAEA;AAAA,OAXF;AAAA;AAAA;AAAA;AAAA,SAYA,KAbF;AAAA;AAAA;AAAA;AAAA,SAcA,KAfF;AAAA;AAAA;AAAA;AAAA,SAgBA;AAEJ;AAAEC,KApBID;AAsBN,eAAeA;AAAQ;AAAAE",
      "names": [
        "React",
        "Link",
        "Page404",
        "_c",
        "$RefreshReg$"
      ],
      "sources": [
        "C:/Users/skuze/Documents/Sergej/Kursi/EPAM 2022/React-github/rs-react/06_ssr_ssg/06_ssr_ssg/src/components/pages/404/404.tsx"
      ],
      "file": "C:/Users/skuze/Documents/Sergej/Kursi/EPAM 2022/React-github/rs-react/06_ssr_ssg/06_ssr_ssg/src/components/pages/404/404.tsx"
    },
    "_coverageSchema": "1a1c01bbd47fc00a2c39e90264f33305004495a9",
    "hash": "cc566bd0413e611b609c7af4b95546685c9f860a"
  },
  "C:/Users/skuze/Documents/Sergej/Kursi/EPAM 2022/React-github/rs-react/06_ssr_ssg/06_ssr_ssg/src/components/app/App.tsx": {
    "path": "C:/Users/skuze/Documents/Sergej/Kursi/EPAM 2022/React-github/rs-react/06_ssr_ssg/06_ssr_ssg/src/components/app/App.tsx",
    "statementMap": {
      "0": {
        "start": {
          "line": 5,
          "column": 0
        },
        "end": {
          "line": 15,
          "column": 1
        }
      },
      "1": {
        "start": {
          "line": 6,
          "column": 2
        },
        "end": {
          "line": 8,
          "column": 3
        }
      },
      "2": {
        "start": {
          "line": 7,
          "column": 4
        },
        "end": {
          "line": 7,
          "column": 165
        }
      },
      "3": {
        "start": {
          "line": 9,
          "column": 2
        },
        "end": {
          "line": 9,
          "column": 39
        }
      },
      "4": {
        "start": {
          "line": 10,
          "column": 2
        },
        "end": {
          "line": 10,
          "column": 39
        }
      },
      "5": {
        "start": {
          "line": 11,
          "column": 2
        },
        "end": {
          "line": 13,
          "column": 4
        }
      },
      "6": {
        "start": {
          "line": 12,
          "column": 4
        },
        "end": {
          "line": 12,
          "column": 162
        }
      },
      "7": {
        "start": {
          "line": 14,
          "column": 2
        },
        "end": {
          "line": 14,
          "column": 75
        }
      },
      "8": {
        "start": {
          "line": 23,
          "column": 2
        },
        "end": {
          "line": 72,
          "column": 11
        }
      },
      "9": {
        "start": {
          "line": 74,
          "column": 0
        },
        "end": {
          "line": 74,
          "column": 9
        }
      },
      "10": {
        "start": {
          "line": 77,
          "column": 0
        },
        "end": {
          "line": 77,
          "column": 24
        }
      },
      "11": {
        "start": {
          "line": 78,
          "column": 0
        },
        "end": {
          "line": 94,
          "column": 1
        }
      },
      "12": {
        "start": {
          "line": 79,
          "column": 2
        },
        "end": {
          "line": 79,
          "column": 39
        }
      },
      "13": {
        "start": {
          "line": 80,
          "column": 2
        },
        "end": {
          "line": 80,
          "column": 39
        }
      },
      "14": {
        "start": {
          "line": 81,
          "column": 2
        },
        "end": {
          "line": 93,
          "column": 5
        }
      },
      "15": {
        "start": {
          "line": 85,
          "column": 4
        },
        "end": {
          "line": 85,
          "column": 188
        }
      },
      "16": {
        "start": {
          "line": 86,
          "column": 4
        },
        "end": {
          "line": 92,
          "column": 7
        }
      },
      "17": {
        "start": {
          "line": 87,
          "column": 6
        },
        "end": {
          "line": 88,
          "column": 15
        }
      },
      "18": {
        "start": {
          "line": 88,
          "column": 8
        },
        "end": {
          "line": 88,
          "column": 15
        }
      },
      "19": {
        "start": {
          "line": 89,
          "column": 32
        },
        "end": {
          "line": 89,
          "column": 115
        }
      },
      "20": {
        "start": {
          "line": 90,
          "column": 6
        },
        "end": {
          "line": 91,
          "column": 54
        }
      },
      "21": {
        "start": {
          "line": 91,
          "column": 8
        },
        "end": {
          "line": 91,
          "column": 54
        }
      }
    },
    "fnMap": {
      "0": {
        "name": "(anonymous_0)",
        "decl": {
          "start": {
            "line": 11,
            "column": 24
          },
          "end": {
            "line": 11,
            "column": 25
          }
        },
        "loc": {
          "start": {
            "line": 11,
            "column": 38
          },
          "end": {
            "line": 13,
            "column": 3
          }
        },
        "line": 11
      },
      "1": {
        "name": "App",
        "decl": {
          "start": {
            "line": 22,
            "column": 9
          },
          "end": {
            "line": 22,
            "column": 12
          }
        },
        "loc": {
          "start": {
            "line": 22,
            "column": 15
          },
          "end": {
            "line": 73,
            "column": 1
          }
        },
        "line": 22
      },
      "2": {
        "name": "(anonymous_2)",
        "decl": {
          "start": {
            "line": 84,
            "column": 9
          },
          "end": {
            "line": 84,
            "column": 10
          }
        },
        "loc": {
          "start": {
            "line": 84,
            "column": 29
          },
          "end": {
            "line": 93,
            "column": 3
          }
        },
        "line": 84
      },
      "3": {
        "name": "(anonymous_3)",
        "decl": {
          "start": {
            "line": 86,
            "column": 27
          },
          "end": {
            "line": 86,
            "column": 28
          }
        },
        "loc": {
          "start": {
            "line": 86,
            "column": 44
          },
          "end": {
            "line": 92,
            "column": 5
          }
        },
        "line": 86
      }
    },
    "branchMap": {
      "0": {
        "loc": {
          "start": {
            "line": 5,
            "column": 0
          },
          "end": {
            "line": 15,
            "column": 1
          }
        },
        "type": "if",
        "locations": [
          {
            "start": {
              "line": 5,
              "column": 0
            },
            "end": {
              "line": 15,
              "column": 1
            }
          },
          {
            "start": {},
            "end": {}
          }
        ],
        "line": 5
      },
      "1": {
        "loc": {
          "start": {
            "line": 6,
            "column": 2
          },
          "end": {
            "line": 8,
            "column": 3
          }
        },
        "type": "if",
        "locations": [
          {
            "start": {
              "line": 6,
              "column": 2
            },
            "end": {
              "line": 8,
              "column": 3
            }
          },
          {
            "start": {},
            "end": {}
          }
        ],
        "line": 6
      },
      "2": {
        "loc": {
          "start": {
            "line": 78,
            "column": 0
          },
          "end": {
            "line": 94,
            "column": 1
          }
        },
        "type": "if",
        "locations": [
          {
            "start": {
              "line": 78,
              "column": 0
            },
            "end": {
              "line": 94,
              "column": 1
            }
          },
          {
            "start": {},
            "end": {}
          }
        ],
        "line": 78
      },
      "3": {
        "loc": {
          "start": {
            "line": 87,
            "column": 6
          },
          "end": {
            "line": 88,
            "column": 15
          }
        },
        "type": "if",
        "locations": [
          {
            "start": {
              "line": 87,
              "column": 6
            },
            "end": {
              "line": 88,
              "column": 15
            }
          },
          {
            "start": {},
            "end": {}
          }
        ],
        "line": 87
      },
      "4": {
        "loc": {
          "start": {
            "line": 90,
            "column": 6
          },
          "end": {
            "line": 91,
            "column": 54
          }
        },
        "type": "if",
        "locations": [
          {
            "start": {
              "line": 90,
              "column": 6
            },
            "end": {
              "line": 91,
              "column": 54
            }
          },
          {
            "start": {},
            "end": {}
          }
        ],
        "line": 90
      }
    },
    "s": {
      "0": 58,
      "1": 58,
      "2": 0,
      "3": 58,
      "4": 58,
      "5": 58,
      "6": 58,
      "7": 58,
      "8": 116,
      "9": 58,
      "10": 58,
      "11": 58,
      "12": 58,
      "13": 58,
      "14": 58,
      "15": 47,
      "16": 47,
      "17": 0,
      "18": 0,
      "19": 0,
      "20": 0,
      "21": 0
    },
    "f": {
      "0": 58,
      "1": 116,
      "2": 47,
      "3": 0
    },
    "b": {
      "0": [
        58,
        0
      ],
      "1": [
        0,
        58
      ],
      "2": [
        58,
        0
      ],
      "3": [
        0,
        0
      ],
      "4": [
        0,
        0
      ]
    },
    "inputSourceMap": {
      "version": 3,
      "mappings": "AAYI,mBAG+B,cAH/B;AAZJ,OAAOA,oBAAkB;AAAA;AAAA;AAAA;AAAA;AAAA;AAAA;AAAA;AAAA;AAAA;AAAA;AAAA;AAAA;AAAA;AACzB,SAASC,OAAOC,cAAc;AAE9B,OAAOC,cAAc;AACrB,OAAOC,iBAAiB;AACxB,OAAOC,iBAAiB;AACxB,OAAOC,aAAa;AAEpB,OAAO;AAEP,SAASC,MAAM;AACb,SACE,mCACE,iCAAC,SAAI,WAAU,OACb,iCAAC,UACC;AAAA,2BAAC,SAAM,MAAK,KAAI,SAAS,uBAAC,cAAD;AAAA;AAAA;AAAA;AAAA,WAAS,KAAlC;AAAA;AAAA;AAAA;AAAA,WAAsC;AAAA,IACtC,uBAAC,SAAM,MAAK,UAAS,SAAS,uBAAC,iBAAD;AAAA;AAAA;AAAA;AAAA,WAAY,KAA1C;AAAA;AAAA;AAAA;AAAA,WAA8C;AAAA,IAC9C,uBAAC,SAAM,MAAK,QAAO,SAAS,uBAAC,iBAAD;AAAA;AAAA;AAAA;AAAA,WAAY,KAAxC;AAAA;AAAA;AAAA;AAAA,WAA4C;AAAA,IAC5C,uBAAC,SAAM,MAAK,KAAI,SAAS,uBAAC,aAAD;AAAA;AAAA;AAAA;AAAA,WAAQ,KAAjC;AAAA;AAAA;AAAA;AAAA,WAAqC;AAAA,OAJvC;AAAA;AAAA;AAAA;AAAA,SAKA,KANF;AAAA;AAAA;AAAA;AAAA,SAOA,KARF;AAAA;AAAA;AAAA;AAAA,SASA;AAEJ;AAACC,KAbQD;AAeT,eAAeA;AAAI;AAAAE",
      "names": [
        "React",
        "Route",
        "Routes",
        "MainPage",
        "AboutUsPage",
        "NewPostPage",
        "Page404",
        "App",
        "_c",
        "$RefreshReg$"
      ],
      "sources": [
        "C:/Users/skuze/Documents/Sergej/Kursi/EPAM 2022/React-github/rs-react/06_ssr_ssg/06_ssr_ssg/src/components/app/App.tsx"
      ],
      "file": "C:/Users/skuze/Documents/Sergej/Kursi/EPAM 2022/React-github/rs-react/06_ssr_ssg/06_ssr_ssg/src/components/app/App.tsx"
    },
    "_coverageSchema": "1a1c01bbd47fc00a2c39e90264f33305004495a9",
    "hash": "799a52409b3e86160cf854f47161776634edc089"
  },
  "C:/Users/skuze/Documents/Sergej/Kursi/EPAM 2022/React-github/rs-react/06_ssr_ssg/06_ssr_ssg/src/store/store.ts": {
    "path": "C:/Users/skuze/Documents/Sergej/Kursi/EPAM 2022/React-github/rs-react/06_ssr_ssg/06_ssr_ssg/src/store/store.ts",
    "statementMap": {
      "0": {
        "start": {
          "line": 5,
          "column": 21
        },
        "end": {
          "line": 12,
          "column": 2
        }
      },
      "1": {
        "start": {
          "line": 11,
          "column": 40
        },
        "end": {
          "line": 11,
          "column": 121
        }
      }
    },
    "fnMap": {
      "0": {
        "name": "(anonymous_0)",
        "decl": {
          "start": {
            "line": 11,
            "column": 14
          },
          "end": {
            "line": 11,
            "column": 15
          }
        },
        "loc": {
          "start": {
            "line": 11,
            "column": 40
          },
          "end": {
            "line": 11,
            "column": 121
          }
        },
        "line": 11
      }
    },
    "branchMap": {},
    "s": {
      "0": 58,
      "1": 58
    },
    "f": {
      "0": 58
    },
    "b": {},
    "inputSourceMap": {
      "version": 3,
      "sources": [
        "C:/Users/skuze/Documents/Sergej/Kursi/EPAM 2022/React-github/rs-react/06_ssr_ssg/06_ssr_ssg/src/store/store.ts"
      ],
      "mappings": "AAAA,SAAS,sBAAsB;AAE/B,OAAO,uBAAuB;AAC9B,OAAO,yBAAyB;AAChC,SAAS,mBAAmB;AAErB,aAAM,QAAQ,eAAe;AAAA,EAClC,SAAS;AAAA,IACP,YAAY;AAAA,IACZ,MAAM;AAAA,IACN,CAAC,YAAY,WAAW,GAAG,YAAY;AAAA,EACzC;AAAA,EACA,YAAY,CAAC,yBACX,qBAAqB,EAAE,mBAAmB,MAAM,CAAC,EAAE,OAAO,YAAY,UAAU;AACpF,CAAC;",
      "names": []
    },
    "_coverageSchema": "1a1c01bbd47fc00a2c39e90264f33305004495a9",
    "hash": "73872aaf2a4f97dcc4cc17783c0bd1f3c1bbfb7a"
  }
}