{"C:\\Users\\skuze\\Documents\\Sergej\\Kursi\\EPAM 2022\\React_Rs_school\\github\\01_components\\src\\main.tsx": {"path":"C:\\Users\\skuze\\Documents\\Sergej\\Kursi\\EPAM 2022\\React_Rs_school\\github\\01_components\\src\\main.tsx","statementMap":{"0":{"start":{"line":1,"column":0},"end":{"line":1,"column":26}},"1":{"start":{"line":2,"column":0},"end":{"line":2,"column":40}},"2":{"start":{"line":3,"column":0},"end":{"line":3,"column":39}},"3":{"start":{"line":5,"column":0},"end":{"line":9,"column":2}}},"fnMap":{},"branchMap":{},"s":{"0":0,"1":0,"2":0,"3":0},"f":{},"b":{}}
,"C:\\Users\\skuze\\Documents\\Sergej\\Kursi\\EPAM 2022\\React_Rs_school\\github\\01_components\\src\\components\\app\\App.tsx": {"path":"C:\\Users\\skuze\\Documents\\Sergej\\Kursi\\EPAM 2022\\React_Rs_school\\github\\01_components\\src\\components\\app\\App.tsx","statementMap":{"0":{"start":{"line":1,"column":0},"end":{"line":1,"column":26}},"1":{"start":{"line":2,"column":0},"end":{"line":2,"column":74}},"2":{"start":{"line":4,"column":0},"end":{"line":4,"column":41}},"3":{"start":{"line":5,"column":0},"end":{"line":5,"column":43}},"4":{"start":{"line":6,"column":0},"end":{"line":6,"column":35}},"5":{"start":{"line":8,"column":0},"end":{"line":8,"column":19}},"6":{"start":{"line":12,"column":4},"end":{"line":22,"column":6}},"7":{"start":{"line":26,"column":0},"end":{"line":26,"column":19}}},"fnMap":{"0":{"name":"(anonymous_1)","decl":{"start":{"line":11,"column":2},"end":{"line":11,"column":8}},"loc":{"start":{"line":11,"column":8},"end":{"line":23,"column":3}}}},"branchMap":{},"s":{"0":0,"1":0,"2":0,"3":0,"4":0,"5":0,"6":0,"7":0},"f":{"0":0},"b":{}}
,"C:\\Users\\skuze\\Documents\\Sergej\\Kursi\\EPAM 2022\\React_Rs_school\\github\\01_components\\src\\components\\appPageHeader\\PageHeader.tsx": {"path":"C:\\Users\\skuze\\Documents\\Sergej\\Kursi\\EPAM 2022\\React_Rs_school\\github\\01_components\\src\\components\\appPageHeader\\PageHeader.tsx","statementMap":{"0":{"start":{"line":1,"column":0},"end":{"line":1,"column":26}},"1":{"start":{"line":2,"column":0},"end":{"line":2,"column":43}},"2":{"start":{"line":4,"column":0},"end":{"line":4,"column":26}},"3":{"start":{"line":12,"column":4},"end":{"line":24,"column":6}},"4":{"start":{"line":28,"column":0},"end":{"line":28,"column":26}}},"fnMap":{"0":{"name":"(anonymous_1)","decl":{"start":{"line":11,"column":2},"end":{"line":11,"column":8}},"loc":{"start":{"line":11,"column":8},"end":{"line":25,"column":3}}}},"branchMap":{},"s":{"0":0,"1":0,"2":0,"3":0,"4":0},"f":{"0":0},"b":{}}
,"C:\\Users\\skuze\\Documents\\Sergej\\Kursi\\EPAM 2022\\React_Rs_school\\github\\01_components\\src\\components\\card\\Card.tsx": {"path":"C:\\Users\\skuze\\Documents\\Sergej\\Kursi\\EPAM 2022\\React_Rs_school\\github\\01_components\\src\\components\\card\\Card.tsx","statementMap":{"0":{"start":{"line":1,"column":0},"end":{"line":1,"column":41}},"1":{"start":{"line":2,"column":0},"end":{"line":2,"column":20}},"2":{"start":{"line":16,"column":62},"end":{"line":16,"column":77}},"3":{"start":{"line":17,"column":4},"end":{"line":34,"column":6}},"4":{"start":{"line":38,"column":0},"end":{"line":38,"column":20}}},"fnMap":{"0":{"name":"(anonymous_6)","decl":{"start":{"line":15,"column":2},"end":{"line":15,"column":8}},"loc":{"start":{"line":15,"column":8},"end":{"line":35,"column":3}}}},"branchMap":{},"s":{"0":0,"1":0,"2":0,"3":0,"4":0},"f":{"0":0},"b":{}}
,"C:\\Users\\skuze\\Documents\\Sergej\\Kursi\\EPAM 2022\\React_Rs_school\\github\\01_components\\src\\components\\cardList\\CardList.tsx": {"path":"C:\\Users\\skuze\\Documents\\Sergej\\Kursi\\EPAM 2022\\React_Rs_school\\github\\01_components\\src\\components\\cardList\\CardList.tsx","statementMap":{"0":{"start":{"line":1,"column":0},"end":{"line":1,"column":41}},"1":{"start":{"line":2,"column":0},"end":{"line":2,"column":32}},"2":{"start":{"line":4,"column":0},"end":{"line":4,"column":24}},"3":{"start":{"line":18,"column":4},"end":{"line":18,"column":17}},"4":{"start":{"line":19,"column":4},"end":{"line":21,"column":6}},"5":{"start":{"line":25,"column":25},"end":{"line":25,"column":35}},"6":{"start":{"line":26,"column":4},"end":{"line":34,"column":6}},"7":{"start":{"line":30,"column":12},"end":{"line":30,"column":44}},"8":{"start":{"line":38,"column":0},"end":{"line":38,"column":24}}},"fnMap":{"0":{"name":"(anonymous_7)","decl":{"start":{"line":17,"column":2},"end":{"line":17,"column":14}},"loc":{"start":{"line":17,"column":60},"end":{"line":22,"column":3}}},"1":{"name":"(anonymous_8)","decl":{"start":{"line":24,"column":2},"end":{"line":24,"column":8}},"loc":{"start":{"line":24,"column":8},"end":{"line":35,"column":3}}},"2":{"name":"(anonymous_9)","decl":{"start":{"line":29,"column":24},"end":{"line":29,"column":25}},"loc":{"start":{"line":30,"column":12},"end":{"line":30,"column":44}}}},"branchMap":{},"s":{"0":0,"1":0,"2":0,"3":0,"4":0,"5":0,"6":0,"7":0,"8":0},"f":{"0":0,"1":0,"2":0},"b":{}}
,"C:\\Users\\skuze\\Documents\\Sergej\\Kursi\\EPAM 2022\\React_Rs_school\\github\\01_components\\src\\components\\pages\\404.tsx": {"path":"C:\\Users\\skuze\\Documents\\Sergej\\Kursi\\EPAM 2022\\React_Rs_school\\github\\01_components\\src\\components\\pages\\404.tsx","statementMap":{"0":{"start":{"line":1,"column":0},"end":{"line":1,"column":26}},"1":{"start":{"line":2,"column":0},"end":{"line":2,"column":40}},"2":{"start":{"line":4,"column":0},"end":{"line":4,"column":26}},"3":{"start":{"line":6,"column":16},"end":{"line":24,"column":1}},"4":{"start":{"line":7,"column":2},"end":{"line":23,"column":4}},"5":{"start":{"line":26,"column":0},"end":{"line":26,"column":23}}},"fnMap":{"0":{"name":"(anonymous_1)","decl":{"start":{"line":6,"column":16},"end":{"line":6,"column":19}},"loc":{"start":{"line":6,"column":21},"end":{"line":24,"column":1}}}},"branchMap":{},"s":{"0":0,"1":0,"2":0,"3":0,"4":0,"5":0},"f":{"0":0},"b":{}}
,"C:\\Users\\skuze\\Documents\\Sergej\\Kursi\\EPAM 2022\\React_Rs_school\\github\\01_components\\src\\components\\pages\\AboutUs.tsx": {"path":"C:\\Users\\skuze\\Documents\\Sergej\\Kursi\\EPAM 2022\\React_Rs_school\\github\\01_components\\src\\components\\pages\\AboutUs.tsx","statementMap":{"0":{"start":{"line":1,"column":0},"end":{"line":1,"column":26}},"1":{"start":{"line":2,"column":0},"end":{"line":2,"column":53}},"2":{"start":{"line":4,"column":0},"end":{"line":4,"column":30}},"3":{"start":{"line":6,"column":20},"end":{"line":37,"column":1}},"4":{"start":{"line":7,"column":2},"end":{"line":36,"column":4}},"5":{"start":{"line":38,"column":0},"end":{"line":38,"column":27}}},"fnMap":{"0":{"name":"(anonymous_1)","decl":{"start":{"line":6,"column":20},"end":{"line":6,"column":23}},"loc":{"start":{"line":6,"column":25},"end":{"line":37,"column":1}}}},"branchMap":{},"s":{"0":0,"1":0,"2":0,"3":0,"4":0,"5":0},"f":{"0":0},"b":{}}
,"C:\\Users\\skuze\\Documents\\Sergej\\Kursi\\EPAM 2022\\React_Rs_school\\github\\01_components\\src\\components\\pages\\MainPage.tsx": {"path":"C:\\Users\\skuze\\Documents\\Sergej\\Kursi\\EPAM 2022\\React_Rs_school\\github\\01_components\\src\\components\\pages\\MainPage.tsx","statementMap":{"0":{"start":{"line":1,"column":0},"end":{"line":1,"column":26}},"1":{"start":{"line":2,"column":0},"end":{"line":2,"column":44}},"2":{"start":{"line":3,"column":0},"end":{"line":3,"column":53}},"3":{"start":{"line":4,"column":0},"end":{"line":4,"column":38}},"4":{"start":{"line":5,"column":0},"end":{"line":5,"column":47}},"5":{"start":{"line":7,"column":0},"end":{"line":7,"column":31}},"6":{"start":{"line":9,"column":17},"end":{"line":17,"column":1}},"7":{"start":{"line":10,"column":2},"end":{"line":16,"column":4}},"8":{"start":{"line":19,"column":0},"end":{"line":19,"column":24}}},"fnMap":{"0":{"name":"(anonymous_1)","decl":{"start":{"line":9,"column":17},"end":{"line":9,"column":20}},"loc":{"start":{"line":9,"column":22},"end":{"line":17,"column":1}}}},"branchMap":{},"s":{"0":0,"1":0,"2":0,"3":0,"4":0,"5":0,"6":0,"7":0,"8":0},"f":{"0":0},"b":{}}
,"C:\\Users\\skuze\\Documents\\Sergej\\Kursi\\EPAM 2022\\React_Rs_school\\github\\01_components\\src\\components\\pages\\index.tsx": {"path":"C:\\Users\\skuze\\Documents\\Sergej\\Kursi\\EPAM 2022\\React_Rs_school\\github\\01_components\\src\\components\\pages\\index.tsx","statementMap":{"0":{"start":{"line":1,"column":0},"end":{"line":1,"column":7}},"1":{"start":{"line":5,"column":9},"end":{"line":1,"column":34}},"2":{"start":{"line":2,"column":0},"end":{"line":2,"column":7}},"3":{"start":{"line":5,"column":19},"end":{"line":2,"column":36}},"4":{"start":{"line":3,"column":0},"end":{"line":3,"column":7}},"5":{"start":{"line":5,"column":32},"end":{"line":3,"column":28}}},"fnMap":{},"branchMap":{},"s":{"0":0,"1":0,"2":0,"3":0,"4":0,"5":0},"f":{},"b":{}}
,"C:\\Users\\skuze\\Documents\\Sergej\\Kursi\\EPAM 2022\\React_Rs_school\\github\\01_components\\src\\components\\searchBar\\SearchBar.tsx": {"path":"C:\\Users\\skuze\\Documents\\Sergej\\Kursi\\EPAM 2022\\React_Rs_school\\github\\01_components\\src\\components\\searchBar\\SearchBar.tsx","statementMap":{"0":{"start":{"line":1,"column":0},"end":{"line":1,"column":26}},"1":{"start":{"line":3,"column":0},"end":{"line":3,"column":25}},"2":{"start":{"line":15,"column":4},"end":{"line":15,"column":17}},"3":{"start":{"line":17,"column":4},"end":{"line":19,"column":6}},"4":{"start":{"line":21,"column":4},"end":{"line":21,"column":53}},"5":{"start":{"line":25,"column":4},"end":{"line":25,"column":58}},"6":{"start":{"line":29,"column":4},"end":{"line":29,"column":49}},"7":{"start":{"line":33,"column":4},"end":{"line":44,"column":6}},"8":{"start":{"line":48,"column":0},"end":{"line":48,"column":25}}},"fnMap":{"0":{"name":"(anonymous_1)","decl":{"start":{"line":14,"column":2},"end":{"line":14,"column":14}},"loc":{"start":{"line":14,"column":26},"end":{"line":22,"column":3}}},"1":{"name":"(anonymous_2)","decl":{"start":{"line":24,"column":2},"end":{"line":24,"column":22}},"loc":{"start":{"line":24,"column":22},"end":{"line":26,"column":3}}},"2":{"name":"(anonymous_3)","decl":{"start":{"line":28,"column":2},"end":{"line":28,"column":14}},"loc":{"start":{"line":28,"column":57},"end":{"line":30,"column":3}}},"3":{"name":"(anonymous_4)","decl":{"start":{"line":32,"column":2},"end":{"line":32,"column":8}},"loc":{"start":{"line":32,"column":8},"end":{"line":45,"column":3}}}},"branchMap":{"0":{"loc":{"start":{"line":18,"column":13},"end":{"line":18,"column":54}},"type":"binary-expr","locations":[{"start":{"line":18,"column":13},"end":{"line":18,"column":48}},{"start":{"line":18,"column":52},"end":{"line":18,"column":54}}]}},"s":{"0":0,"1":0,"2":0,"3":0,"4":0,"5":0,"6":0,"7":0,"8":0},"f":{"0":0,"1":0,"2":0,"3":0},"b":{"0":[0,0]}}
}
